[0m[[0m[0mdebug[0m] [0m[0m> Exec(early(addDefaultCommands), None, None)[0m
[0m[[0m[0mdebug[0m] [0m[0m> Exec(addDefaultCommands, None, None)[0m
[0m[[0m[0mdebug[0m] [0m[0m> Exec(early(initialize), None, None)[0m
[0m[[0m[0mdebug[0m] [0m[0m> Exec(initialize, None, None)[0m
[0m[[0m[0mdebug[0m] [0m[0m> Exec(boot, None, None)[0m
[0m[[0m[0mdebug[0m] [0m[0m> Exec(writeSbtVersion, None, None)[0m
[0m[[0m[0mdebug[0m] [0m[0m> Exec(reload, None, None)[0m
[0m[[0m[0mdebug[0m] [0m[0m> Exec(sbtStashOnFailure, None, None)[0m
[0m[[0m[0mdebug[0m] [0m[0m> Exec(onFailure loadFailed, None, None)[0m
[0m[[0m[0mdebug[0m] [0m[0m> Exec(loadp, None, None)[0m
[0m[[0m[0minfo[0m] [0m[0mwelcome to sbt 1.5.2 (AdoptOpenJDK Java 1.8.0_292)[0m
[0m[[0m[0mdebug[0m] [0m[0mLoad.defaultLoad until apply took 267.991663ms[0m
[0m[[0m[0mdebug[0m] [0m[0m          Load.loadUnit: plugins took 155.471232ms[0m
[0m[[0m[0mdebug[0m] [0m[0m          Load.loadUnit: defsScala took 0.320792ms[0m
[0m[[0m[0mdebug[0m] [0m[0m[Loading] Scanning directory /Users/alekseigor/Developer/web/labsweb/project[0m
[0m[[0m[0mdebug[0m] [0m[0m            Load.loadUnit: mkEval took 7.138233ms[0m
[0m[[0m[0mdebug[0m] [0m[0m[Loading] Found non-root projects [0m
[0m[[0m[0mdebug[0m] [0m[0m[Loading] Done in /Users/alekseigor/Developer/web/labsweb/project, returning: ()[0m
[0m[[0m[0mdebug[0m] [0m[0mdeducing auto plugins based on known facts Set(Atom(sbt.plugins.CorePlugin)) and clauses Clauses(Clause(Atom(sbt.plugins.JvmPlugin),Set(Atom(sbt.plugins.IvyPlugin)))[0m
[0m[[0m[0mdebug[0m] [0m[0mClause(Atom(sbt.ScriptedPlugin),Set(Atom(sbt.plugins.JvmPlugin)))[0m
[0m[[0m[0mdebug[0m] [0m[0mClause(Atom(sbt.plugins.SbtPlugin),Set(Atom(sbt.ScriptedPlugin)))[0m
[0m[[0m[0mdebug[0m] [0m[0mClause(Atom(sbt.plugins.SemanticdbPlugin),Set(Atom(sbt.plugins.JvmPlugin)))[0m
[0m[[0m[0mdebug[0m] [0m[0mClause(Atom(sbt.plugins.JUnitXmlReportPlugin),Set(Atom(sbt.plugins.JvmPlugin)))[0m
[0m[[0m[0mdebug[0m] [0m[0mClause(Atom(sbt.plugins.MiniDependencyTreePlugin),Set(Atom(sbt.plugins.JvmPlugin)))[0m
[0m[[0m[0mdebug[0m] [0m[0mClause(Atom(sbt.plugins.CorePlugin),Set(Atom(sbt.plugins.IvyPlugin)))[0m
[0m[[0m[0mdebug[0m] [0m[0mClause(Atom(sbt.plugins.IvyPlugin),Set(Atom(sbt.plugins.JvmPlugin)))[0m
[0m[[0m[0mdebug[0m] [0m[0mClause(Atom(sbt.plugins.JvmPlugin),Set(Atom(sbt.plugins.SemanticdbPlugin)))[0m
[0m[[0m[0mdebug[0m] [0m[0mClause(Atom(sbt.plugins.JvmPlugin),Set(Atom(sbt.plugins.JUnitXmlReportPlugin)))[0m
[0m[[0m[0mdebug[0m] [0m[0mClause(Atom(sbt.plugins.CorePlugin),Set(Atom(sbt.plugins.Giter8TemplatePlugin)))[0m
[0m[[0m[0mdebug[0m] [0m[0mClause(Atom(sbt.plugins.JvmPlugin),Set(Atom(sbt.plugins.MiniDependencyTreePlugin))))[0m
[0m[[0m[0mdebug[0m] [0m[0m  :: deduced result: Matched(sbt.plugins.CorePlugin,sbt.plugins.Giter8TemplatePlugin,sbt.plugins.IvyPlugin,sbt.plugins.JvmPlugin,sbt.plugins.MiniDependencyTreePlugin,sbt.plugins.JUnitXmlReportPlugin,sbt.plugins.SemanticdbPlugin)[0m
[0m[[0m[0mdebug[0m] [0m[0mPlugins.deducer#function took 18.405279 ms[0m
[0m[[0m[0minfo[0m] [0m[0mloading settings for project labsweb-build from plugins.sbt ...[0m
[0m[[0m[0mdebug[0m] [0m[0m              Load.resolveProject(labsweb-build) took 55.13006ms[0m
[0m[[0m[0mdebug[0m] [0m[0m            Load.loadTransitive: finalizeProject(Project(id labsweb-build, base: /Users/alekseigor/Developer/web/labsweb/project, plugins: List(<none>))) took 105.075055ms[0m
[0m[[0m[0mdebug[0m] [0m[0m[Loading] Done in /Users/alekseigor/Developer/web/labsweb/project, returning: (labsweb-build)[0m
[0m[[0m[0mdebug[0m] [0m[0m          Load.loadUnit: loadedProjectsRaw took 307.395734ms[0m
[0m[[0m[0mdebug[0m] [0m[0m          Load.loadUnit: cleanEvalClasses took 7.90445ms[0m
[0m[[0m[0mdebug[0m] [0m[0m        Load.loadUnit(file:/Users/alekseigor/Developer/web/labsweb/project/, ...) took 475.947033ms[0m
[0m[[0m[0mdebug[0m] [0m[0m      Load.apply: load took 746.117087ms[0m
[0m[[0m[0mdebug[0m] [0m[0m      Load.apply: resolveProjects took 5.30188ms[0m
[0m[[0m[0mdebug[0m] [0m[0m      Load.apply: finalTransforms took 53.616955ms[0m
[0m[[0m[0mdebug[0m] [0m[0m      Load.apply: config.delegates took 7.840969ms[0m
[0m[[0m[0mdebug[0m] [0m[0m      Load.apply: Def.make(settings)... took 291.073727ms[0m
[0m[[0m[0mdebug[0m] [0m[0m      Load.apply: structureIndex took 70.081301ms[0m
[0m[[0m[0mdebug[0m] [0m[0m      Load.apply: mkStreams took 1.202331ms[0m
[0m[[0m[0minfo[0m] [0m[0mloading project definition from /Users/alekseigor/Developer/web/labsweb/project[0m
[0m[[0m[0mdebug[0m] [0m[0mRunning task... Cancel: Signal, check cycles: false, forcegc: true[0m
[0m[[0m[0mdebug[0m] [0m[0m    Load.loadUnit: plugins took 2238.391576ms[0m
[0m[[0m[0mdebug[0m] [0m[0m    Load.loadUnit: defsScala took 0.002923ms[0m
[0m[[0m[0mdebug[0m] [0m[0m[Loading] Scanning directory /Users/alekseigor/Developer/web/labsweb[0m
[0m[[0m[0mdebug[0m] [0m[0m      Load.loadUnit: mkEval took 0.238524ms[0m
[0m[[0m[0mdebug[0m] [0m[0m[Loading] Found root project root w/ remaining [0m
[0m[[0m[0mdebug[0m] [0m[0mdeducing auto plugins based on known facts Set(Atom(play.sbt.PlayScala), Atom(sbt.plugins.CorePlugin)) and clauses Clauses(Clause(Atom(sbt.plugins.JvmPlugin),Set(Atom(sbt.plugins.IvyPlugin)))[0m
[0m[[0m[0mdebug[0m] [0m[0mClause(Atom(sbt.ScriptedPlugin),Set(Atom(sbt.plugins.JvmPlugin)))[0m
[0m[[0m[0mdebug[0m] [0m[0mClause(Atom(sbt.plugins.SbtPlugin),Set(Atom(sbt.ScriptedPlugin)))[0m
[0m[[0m[0mdebug[0m] [0m[0mClause(Atom(sbt.plugins.SemanticdbPlugin),Set(Atom(sbt.plugins.JvmPlugin)))[0m
[0m[[0m[0mdebug[0m] [0m[0mClause(Atom(sbt.plugins.JUnitXmlReportPlugin),Set(Atom(sbt.plugins.JvmPlugin)))[0m
[0m[[0m[0mdebug[0m] [0m[0mClause(Atom(sbt.plugins.MiniDependencyTreePlugin),Set(Atom(sbt.plugins.JvmPlugin)))[0m
[0m[[0m[0mdebug[0m] [0m[0mClause(Atom(play.sbt.Play),Set(Atom(play.sbt.routes.RoutesCompiler)))[0m
[0m[[0m[0mdebug[0m] [0m[0mClause(Atom(play.sbt.Play),Set(Atom(com.typesafe.sbt.jse.SbtJsTask)))[0m
[0m[[0m[0mdebug[0m] [0m[0mClause(Atom(play.sbt.Play),Set(Atom(com.typesafe.sbt.packager.archetypes.JavaServerAppPackaging)))[0m
[0m[[0m[0mdebug[0m] [0m[0mClause(Atom(play.sbt.Play),Set(Atom(play.twirl.sbt.SbtTwirl)))[0m
[0m[[0m[0mdebug[0m] [0m[0mClause(Atom(play.sbt.PlayAkkaHttp2Support),Set(Atom(play.sbt.PlayAkkaHttpServer)))[0m
[0m[[0m[0mdebug[0m] [0m[0mClause(Atom(play.sbt.PlayAkkaHttp2Support),Set(Atom(com.lightbend.sbt.javaagent.JavaAgent)))[0m
[0m[[0m[0mdebug[0m] [0m[0mClause(Atom(play.sbt.PlayAkkaHttpServer),Set(Atom(play.sbt.PlayService)))[0m
[0m[[0m[0mdebug[0m] [0m[0mClause(Atom(play.sbt.PlayFilters),Set(Atom(play.sbt.PlayWeb)))[0m
[0m[[0m[0mdebug[0m] [0m[0mClause(Atom(play.sbt.PlayJava),Set(Atom(play.sbt.PlayWeb)))[0m
[0m[[0m[0mdebug[0m] [0m[0mClause(Atom(play.sbt.PlayLayoutPlugin),Set(Atom(play.sbt.PlayWeb)))[0m
[0m[[0m[0mdebug[0m] [0m[0mClause(Atom(play.sbt.PlayLogback),Set(Atom(play.sbt.PlayService)))[0m
[0m[[0m[0mdebug[0m] [0m[0mClause(Atom(play.sbt.PlayMinimalJava),Set(Atom(play.sbt.PlayWeb)))[0m
[0m[[0m[0mdebug[0m] [0m[0mClause(Atom(play.sbt.PlayNettyServer),Set(Atom(play.sbt.PlayService)))[0m
[0m[[0m[0mdebug[0m] [0m[0mClause(Atom(play.sbt.PlayScala),Set(Atom(play.sbt.PlayWeb)))[0m
[0m[[0m[0mdebug[0m] [0m[0mClause(Atom(play.sbt.PlayService),Set(Atom(com.typesafe.sbt.packager.archetypes.JavaServerAppPackaging)))[0m
[0m[[0m[0mdebug[0m] [0m[0mClause(Atom(play.sbt.PlayWeb),Set(Atom(play.sbt.routes.RoutesCompiler)))[0m
[0m[[0m[0mdebug[0m] [0m[0mClause(Atom(play.sbt.PlayWeb),Set(Atom(com.typesafe.sbt.jse.SbtJsTask)))[0m
[0m[[0m[0mdebug[0m] [0m[0mClause(Atom(play.sbt.PlayWeb),Set(Atom(play.sbt.PlayService)))[0m
[0m[[0m[0mdebug[0m] [0m[0mClause(Atom(play.sbt.PlayWeb),Set(Atom(play.twirl.sbt.SbtTwirl)))[0m
[0m[[0m[0mdebug[0m] [0m[0mClause(Atom(play.sbt.routes.RoutesCompiler),Set(Atom(sbt.plugins.JvmPlugin)))[0m
[0m[[0m[0mdebug[0m] [0m[0mClause(Atom(play.sbt.test.MediatorWorkaroundPlugin),Set(Atom(sbt.plugins.JvmPlugin)))[0m
[0m[[0m[0mdebug[0m] [0m[0mClause(Atom(giter8.ScaffoldPlugin),Set(Atom(sbt.plugins.JvmPlugin)))[0m
[0m[[0m[0mdebug[0m] [0m[0mClause(Atom(play.twirl.sbt.SbtTwirl),Set(Atom(sbt.plugins.JvmPlugin)))[0m
[0m[[0m[0mdebug[0m] [0m[0mClause(Atom(com.typesafe.sbt.SbtNativePackager),Set(Atom(sbt.plugins.JvmPlugin)))[0m
[0m[[0m[0mdebug[0m] [0m[0mClause(Atom(com.typesafe.sbt.packager.archetypes.JavaAppPackaging),Set(Atom(com.typesafe.sbt.packager.windows.WindowsPlugin)))[0m
[0m[[0m[0mdebug[0m] [0m[0mClause(Atom(com.typesafe.sbt.packager.archetypes.JavaAppPackaging),Set(Atom(com.typesafe.sbt.packager.docker.DockerPlugin)))[0m
[0m[[0m[0mdebug[0m] [0m[0mClause(Atom(com.typesafe.sbt.packager.archetypes.JavaAppPackaging),Set(Atom(com.typesafe.sbt.packager.debian.DebianPlugin)))[0m
[0m[[0m[0mdebug[0m] [0m[0mClause(Atom(com.typesafe.sbt.packager.archetypes.JavaAppPackaging),Set(Atom(com.typesafe.sbt.packager.rpm.RpmPlugin)))[0m
[0m[[0m[0mdebug[0m] [0m[0mClause(Atom(com.typesafe.sbt.packager.archetypes.JavaServerAppPackaging),Set(Atom(com.typesafe.sbt.packager.archetypes.JavaAppPackaging)))[0m
[0m[[0m[0mdebug[0m] [0m[0mClause(Atom(com.typesafe.sbt.packager.archetypes.jar.ClasspathJarPlugin),Set(Atom(com.typesafe.sbt.packager.archetypes.JavaAppPackaging)))[0m
[0m[[0m[0mdebug[0m] [0m[0mClause(Atom(com.typesafe.sbt.packager.archetypes.jar.LauncherJarPlugin),Set(Atom(com.typesafe.sbt.packager.archetypes.JavaAppPackaging)))[0m
[0m[[0m[0mdebug[0m] [0m[0mClause(Atom(com.typesafe.sbt.packager.archetypes.jlink.JlinkPlugin),Set(Atom(com.typesafe.sbt.packager.archetypes.JavaAppPackaging)))[0m
[0m[[0m[0mdebug[0m] [0m[0mClause(Atom(com.typesafe.sbt.packager.archetypes.scripts.AshScriptPlugin),Set(Atom(com.typesafe.sbt.packager.archetypes.JavaAppPackaging)))[0m
[0m[[0m[0mdebug[0m] [0m[0mClause(Atom(com.typesafe.sbt.packager.archetypes.scripts.AshScriptPlugin),Set(Atom(com.typesafe.sbt.packager.archetypes.scripts.BashStartScriptPlugin)))[0m
[0m[[0m[0mdebug[0m] [0m[0mClause(Atom(com.typesafe.sbt.packager.archetypes.scripts.BashStartScriptPlugin),Set(Atom(com.typesafe.sbt.packager.archetypes.JavaAppPackaging)))[0m
[0m[[0m[0mdebug[0m] [0m[0mClause(Atom(com.typesafe.sbt.packager.archetypes.scripts.BatStartScriptPlugin),Set(Atom(com.typesafe.sbt.packager.archetypes.JavaAppPackaging)))[0m
[0m[[0m[0mdebug[0m] [0m[0mClause(Atom(com.typesafe.sbt.packager.archetypes.systemloader.SystemVPlugin),Set(Atom(com.typesafe.sbt.packager.archetypes.systemloader.SystemloaderPlugin)))[0m
[0m[[0m[0mdebug[0m] [0m[0mClause(Atom(com.typesafe.sbt.packager.archetypes.systemloader.SystemdPlugin),Set(Atom(com.typesafe.sbt.packager.archetypes.systemloader.SystemloaderPlugin)))[0m
[0m[[0m[0mdebug[0m] [0m[0mClause(Atom(com.typesafe.sbt.packager.archetypes.systemloader.SystemloaderPlugin),Set(Atom(com.typesafe.sbt.packager.debian.DebianPlugin)))[0m
[0m[[0m[0mdebug[0m] [0m[0mClause(Atom(com.typesafe.sbt.packager.archetypes.systemloader.SystemloaderPlugin),Set(Atom(com.typesafe.sbt.packager.rpm.RpmPlugin)))[0m
[0m[[0m[0mdebug[0m] [0m[0mClause(Atom(com.typesafe.sbt.packager.archetypes.systemloader.UpstartPlugin),Set(Atom(com.typesafe.sbt.packager.archetypes.systemloader.SystemloaderPlugin)))[0m
[0m[[0m[0mdebug[0m] [0m[0mClause(Atom(com.typesafe.sbt.packager.debian.DebianDeployPlugin),Set(Atom(com.typesafe.sbt.packager.debian.DebianPlugin)))[0m
[0m[[0m[0mdebug[0m] [0m[0mClause(Atom(com.typesafe.sbt.packager.debian.DebianPlugin),Set(Atom(com.typesafe.sbt.packager.linux.LinuxPlugin)))[0m
[0m[[0m[0mdebug[0m] [0m[0mClause(Atom(com.typesafe.sbt.packager.debian.JDebPackaging),Set(Atom(com.typesafe.sbt.packager.debian.DebianPlugin)))[0m
[0m[[0m[0mdebug[0m] [0m[0mClause(Atom(com.typesafe.sbt.packager.docker.DockerPlugin),Set(Atom(com.typesafe.sbt.packager.universal.UniversalPlugin)))[0m
[0m[[0m[0mdebug[0m] [0m[0mClause(Atom(com.typesafe.sbt.packager.docker.DockerSpotifyClientPlugin),Set(Atom(com.typesafe.sbt.packager.docker.DockerPlugin)))[0m
[0m[[0m[0mdebug[0m] [0m[0mClause(Atom(com.typesafe.sbt.packager.graalvmnativeimage.GraalVMNativeImagePlugin),Set(Atom(com.typesafe.sbt.packager.archetypes.JavaAppPackaging)))[0m
[0m[[0m[0mdebug[0m] [0m[0mClause(Atom(com.typesafe.sbt.packager.jdkpackager.JDKPackagerDeployPlugin),Set(Atom(com.typesafe.sbt.packager.jdkpackager.JDKPackagerPlugin)))[0m
[0m[[0m[0mdebug[0m] [0m[0mClause(Atom(com.typesafe.sbt.packager.jdkpackager.JDKPackagerPlugin),Set(Atom(com.typesafe.sbt.packager.archetypes.JavaAppPackaging)))[0m
[0m[[0m[0mdebug[0m] [0m[0mClause(Atom(com.typesafe.sbt.packager.jdkpackager.JDKPackagerPlugin),Set(Atom(com.typesafe.sbt.packager.archetypes.jar.LauncherJarPlugin)))[0m
[0m[[0m[0mdebug[0m] [0m[0mClause(Atom(com.typesafe.sbt.packager.linux.LinuxPlugin),Set(Atom(com.typesafe.sbt.packager.universal.UniversalPlugin)))[0m
[0m[[0m[0mdebug[0m] [0m[0mClause(Atom(com.typesafe.sbt.packager.rpm.RpmDeployPlugin),Set(Atom(com.typesafe.sbt.packager.rpm.RpmPlugin)))[0m
[0m[[0m[0mdebug[0m] [0m[0mClause(Atom(com.typesafe.sbt.packager.rpm.RpmPlugin),Set(Atom(com.typesafe.sbt.packager.linux.LinuxPlugin)))[0m
[0m[[0m[0mdebug[0m] [0m[0mClause(Atom(com.typesafe.sbt.packager.universal.UniversalDeployPlugin),Set(Atom(com.typesafe.sbt.packager.universal.UniversalPlugin)))[0m
[0m[[0m[0mdebug[0m] [0m[0mClause(Atom(com.typesafe.sbt.packager.universal.UniversalPlugin),Set(Atom(com.typesafe.sbt.SbtNativePackager)))[0m
[0m[[0m[0mdebug[0m] [0m[0mClause(Atom(com.typesafe.sbt.packager.windows.WindowsDeployPlugin),Set(Atom(com.typesafe.sbt.packager.windows.WindowsPlugin)))[0m
[0m[[0m[0mdebug[0m] [0m[0mClause(Atom(com.typesafe.sbt.packager.windows.WindowsPlugin),Set(Atom(com.typesafe.sbt.packager.universal.UniversalPlugin)))[0m
[0m[[0m[0mdebug[0m] [0m[0mClause(Atom(com.lightbend.sbt.javaagent.JavaAgent),Set(Atom(sbt.plugins.JvmPlugin)))[0m
[0m[[0m[0mdebug[0m] [0m[0mClause(Atom(com.lightbend.sbt.javaagent.JavaAgentPackaging),Set(Atom(com.lightbend.sbt.javaagent.JavaAgent)))[0m
[0m[[0m[0mdebug[0m] [0m[0mClause(Atom(com.lightbend.sbt.javaagent.JavaAgentPackaging),Set(Atom(com.typesafe.sbt.packager.archetypes.JavaAppPackaging)))[0m
[0m[[0m[0mdebug[0m] [0m[0mClause(Atom(com.typesafe.sbt.web.SbtWeb),Set(Atom(sbt.plugins.JvmPlugin)))[0m
[0m[[0m[0mdebug[0m] [0m[0mClause(Atom(com.typesafe.sbt.jse.SbtJsEngine),Set(Atom(com.typesafe.sbt.web.SbtWeb)))[0m
[0m[[0m[0mdebug[0m] [0m[0mClause(Atom(com.typesafe.sbt.jse.SbtJsTask),Set(Atom(com.typesafe.sbt.jse.SbtJsEngine)))[0m
[0m[[0m[0mdebug[0m] [0m[0mClause(Atom(sbt.plugins.CorePlugin),Set(Atom(sbt.plugins.IvyPlugin)))[0m
[0m[[0m[0mdebug[0m] [0m[0mClause(Atom(sbt.plugins.IvyPlugin),Set(Atom(sbt.plugins.JvmPlugin)))[0m
[0m[[0m[0mdebug[0m] [0m[0mClause(Atom(sbt.plugins.JvmPlugin),Set(Atom(sbt.plugins.SemanticdbPlugin)))[0m
[0m[[0m[0mdebug[0m] [0m[0mClause(Atom(sbt.plugins.JvmPlugin),Set(Atom(sbt.plugins.JUnitXmlReportPlugin)))[0m
[0m[[0m[0mdebug[0m] [0m[0mClause(Atom(sbt.plugins.CorePlugin),Set(Atom(sbt.plugins.Giter8TemplatePlugin)))[0m
[0m[[0m[0mdebug[0m] [0m[0mClause(Atom(sbt.plugins.JvmPlugin),Set(Atom(sbt.plugins.MiniDependencyTreePlugin)))[0m
[0m[[0m[0mdebug[0m] [0m[0mClause(Atom(play.sbt.PlayService),Set(Atom(play.sbt.PlayAkkaHttpServer)))[0m
[0m[[0m[0mdebug[0m] [0m[0mClause(Atom(play.sbt.PlayWeb),Set(Atom(play.sbt.PlayFilters)))[0m
[0m[[0m[0mdebug[0m] [0m[0mClause(Atom(play.sbt.PlayWeb),Set(Atom(play.sbt.PlayLayoutPlugin)))[0m
[0m[[0m[0mdebug[0m] [0m[0mClause(Atom(play.sbt.PlayService),Set(Atom(play.sbt.PlayLogback)))[0m
[0m[[0m[0mdebug[0m] [0m[0mClause(Atom(sbt.plugins.JvmPlugin),Set(Atom(giter8.ScaffoldPlugin)))[0m
[0m[[0m[0mdebug[0m] [0m[0mClause(Atom(com.typesafe.sbt.packager.archetypes.JavaAppPackaging),Set(Atom(com.typesafe.sbt.packager.archetypes.scripts.BashStartScriptPlugin)))[0m
[0m[[0m[0mdebug[0m] [0m[0mClause(Atom(com.typesafe.sbt.packager.archetypes.JavaAppPackaging),Set(Atom(com.typesafe.sbt.packager.archetypes.scripts.BatStartScriptPlugin)))[0m
[0m[[0m[0mdebug[0m] [0m[0mClause(And(Set(Atom(com.lightbend.sbt.javaagent.JavaAgent), Atom(com.typesafe.sbt.packager.archetypes.JavaAppPackaging))),Set(Atom(com.lightbend.sbt.javaagent.JavaAgentPackaging)))[0m
[0m[[0m[0mdebug[0m] [0m[0mClause(Atom(com.typesafe.sbt.web.SbtWeb),Set(Atom(com.typesafe.sbt.jse.SbtJsEngine)))[0m
[0m[[0m[0mdebug[0m] [0m[0mClause(Atom(com.typesafe.sbt.jse.SbtJsEngine),Set(Atom(com.typesafe.sbt.jse.SbtJsTask))))[0m
[0m[[0m[0mdebug[0m] [0m[0m  :: deduced result: Matched(sbt.plugins.CorePlugin,play.sbt.PlayScala,sbt.plugins.Giter8TemplatePlugin,sbt.plugins.IvyPlugin,play.sbt.PlayWeb,play.twirl.sbt.SbtTwirl,sbt.plugins.JvmPlugin,play.sbt.PlayService,play.sbt.PlayFilters,play.sbt.PlayLayoutPlugin,play.sbt.routes.RoutesCompiler,com.typesafe.sbt.jse.SbtJsTask,com.typesafe.sbt.packager.archetypes.JavaServerAppPackaging,sbt.plugins.SemanticdbPlugin,sbt.plugins.JUnitXmlReportPlugin,play.sbt.PlayLogback,giter8.ScaffoldPlugin,sbt.plugins.MiniDependencyTreePlugin,com.typesafe.sbt.jse.SbtJsEngine,play.sbt.PlayAkkaHttpServer,com.typesafe.sbt.web.SbtWeb,com.typesafe.sbt.packager.archetypes.JavaAppPackaging,com.typesafe.sbt.packager.rpm.RpmPlugin,com.typesafe.sbt.packager.archetypes.scripts.BashStartScriptPlugin,com.typesafe.sbt.packager.windows.WindowsPlugin,com.typesafe.sbt.packager.archetypes.scripts.BatStartScriptPlugin,com.typesafe.sbt.packager.docker.DockerPlugin,com.typesafe.sbt.packager.debian.DebianPlugin,com.typesafe.sbt.packager.universal.UniversalPlugin,com.typesafe.sbt.packager.linux.LinuxPlugin,com.typesafe.sbt.SbtNativePackager)[0m
[0m[[0m[0mdebug[0m] [0m[0mPlugins.deducer#function took 9.158681 ms[0m
[0m[[0m[0minfo[0m] [0m[0mloading settings for project root from build.sbt ...[0m
[0m[[0m[0mdebug[0m] [0m[0m        Load.resolveProject(root) took 92.333258ms[0m
[0m[[0m[0mdebug[0m] [0m[0m      Load.loadTransitive: finalizeProject(Project(id root, base: /Users/alekseigor/Developer/web/labsweb, plugins: List(play.sbt.PlayScala))) took 103.609143ms[0m
[0m[[0m[0mdebug[0m] [0m[0m[Loading] Done in /Users/alekseigor/Developer/web/labsweb, returning: (root)[0m
[0m[[0m[0mdebug[0m] [0m[0m    Load.loadUnit: loadedProjectsRaw took 164.001165ms[0m
[0m[[0m[0mdebug[0m] [0m[0m    Load.loadUnit: cleanEvalClasses took 1.886941ms[0m
[0m[[0m[0mdebug[0m] [0m[0m  Load.loadUnit(file:/Users/alekseigor/Developer/web/labsweb/, ...) took 2405.86061ms[0m
[0m[[0m[0mdebug[0m] [0m[0mLoad.apply: load took 2428.066819ms[0m
[0m[[0m[0mdebug[0m] [0m[0mLoad.apply: resolveProjects took 0.11148ms[0m
[0m[[0m[0mdebug[0m] [0m[0mLoad.apply: finalTransforms took 11.53357ms[0m
[0m[[0m[0mdebug[0m] [0m[0mLoad.apply: config.delegates took 1.004636ms[0m
[0m[[0m[0mdebug[0m] [0m[0mLoad.apply: Def.make(settings)... took 72.294842ms[0m
[0m[[0m[0mdebug[0m] [0m[0mLoad.apply: structureIndex took 45.362619ms[0m
[0m[[0m[0mdebug[0m] [0m[0mLoad.apply: mkStreams took 0.00195ms[0m
[0m[[0m[0minfo[0m] [0m[0m[32m  __              __[0m[0m
[0m[[0m[0minfo[0m] [0m[0m[32m  \ \     ____   / /____ _ __  __[0m[0m
[0m[[0m[0minfo[0m] [0m[0m[32m   \ \   / __ \ / // __ `// / / /[0m[0m
[0m[[0m[0minfo[0m] [0m[0m[32m   / /  / /_/ // // /_/ // /_/ /[0m[0m
[0m[[0m[0minfo[0m] [0m[0m[32m  /_/  / .___//_/ \__,_/ \__, /[0m[0m
[0m[[0m[0minfo[0m] [0m[0m[32m      /_/               /____/[0m[0m
[0m[[0m[0minfo[0m] [0m[0m[0m
[0m[[0m[0minfo[0m] [0m[0mVersion 2.8.13 running Java 1.8.0_292[0m
[0m[[0m[0minfo[0m] [0m[0m[0m
[0m[[0m[0minfo[0m] [0m[0m[1mPlay is run entirely by the community. If you want to keep using it please consider donating:[0m[0m
[0m[[0m[0minfo[0m] [0m[0mhttps://www.playframework.com/sponsors[0m
[0m[[0m[0minfo[0m] [0m[0m[0m
[0m[[0m[0mdebug[0m] [0m[0m> Exec(sbtPopOnFailure, None, None)[0m
[0m[[0m[0mdebug[0m] [0m[0m> Exec(resumeFromFailure, None, None)[0m
[0m[[0m[0mdebug[0m] [0m[0m> Exec(notifyUsersAboutShell, None, None)[0m
[0m[[0m[0mdebug[0m] [0m[0m> Exec(iflast shell, None, None)[0m
[0m[[0m[0mdebug[0m] [0m[0m> Exec(run, None, None)[0m
[0m[[0m[0mdebug[0m] [0m[0mEvaluating tasks: Compile / run[0m
[0m[[0m[0mdebug[0m] [0m[0mRunning task... Cancel: Signal, check cycles: false, forcegc: true[0m
[0m[[0m[0mdebug[0m] [0m[0mRunning task... Cancel: Signal, check cycles: false, forcegc: true[0m
[0m[[0m[0minfo[0m] [0m[0mcompiling 1 Scala source to /Users/alekseigor/Developer/web/labsweb/target/scala-2.13/classes ...[0m
[0m[[0m[31merror[0m] [0m[0m/Users/alekseigor/Developer/web/labsweb/app/views/main.scala.html:20:69: value at is not a member of controllers.ReverseAssets[0m
[0m[[0m[31merror[0m] [0m[0mdid you mean wait?[0m
[0m[[0m[31merror[0m] [0m[0m        <link rel="stylesheet" type="text/css" href="@routes.Assets.at("stylesheets/mainstyle.css")">[0m
[0m[[0m[31merror[0m] [0m[0m                                                                    ^[0m
[0m[[0m[31merror[0m] [0m[0m/Users/alekseigor/Developer/web/labsweb/app/views/main.scala.html:21:69: value at is not a member of controllers.ReverseAssets[0m
[0m[[0m[31merror[0m] [0m[0mdid you mean wait?[0m
[0m[[0m[31merror[0m] [0m[0m        <link rel="stylesheet" type="text/css" href="@routes.Assets.at("stylesheets/menubar.css")">[0m
[0m[[0m[31merror[0m] [0m[0m                                                                    ^[0m
[0m[[0m[31merror[0m] [0m[0mtwo errors found[0m
[0m[[0m[31merror[0m] [0m[0m(Compile / [31mcompileIncremental[0m) Compilation failed[0m
[0m[[0m[0mdebug[0m] [0m[0mRunning task... Cancel: Signal, check cycles: false, forcegc: true[0m
[0m[[0m[0mdebug[0m] [0m[0mRunning task... Cancel: Signal, check cycles: false, forcegc: true[0m
[0m[[0m[0mdebug[0m] [0m[0mRunning task... Cancel: Signal, check cycles: false, forcegc: true[0m
[0m[[0m[0minfo[0m] [0m[0mcompiling 1 Scala source to /Users/alekseigor/Developer/web/labsweb/target/scala-2.13/classes ...[0m
[0m[[0m[31merror[0m] [0m[0m/Users/alekseigor/Developer/web/labsweb/app/views/main.scala.html:20:69: value at is not a member of controllers.ReverseAssets[0m
[0m[[0m[31merror[0m] [0m[0mdid you mean wait?[0m
[0m[[0m[31merror[0m] [0m[0m        <link rel="stylesheet" type="text/css" href="@routes.Assets.at("stylesheets/mainstyle.css")">[0m
[0m[[0m[31merror[0m] [0m[0m                                                                    ^[0m
[0m[[0m[31merror[0m] [0m[0m/Users/alekseigor/Developer/web/labsweb/app/views/main.scala.html:21:69: value at is not a member of controllers.ReverseAssets[0m
[0m[[0m[31merror[0m] [0m[0mdid you mean wait?[0m
[0m[[0m[31merror[0m] [0m[0m        <link rel="stylesheet" type="text/css" href="@routes.Assets.at("stylesheets/menubar.css")">[0m
[0m[[0m[31merror[0m] [0m[0m                                                                    ^[0m
[0m[[0m[31merror[0m] [0m[0mtwo errors found[0m
[0m[[0m[31merror[0m] [0m[0m(Compile / [31mcompileIncremental[0m) Compilation failed[0m
[0m[[0m[0mdebug[0m] [0m[0mRunning task... Cancel: Signal, check cycles: false, forcegc: true[0m
[0m[[0m[0mdebug[0m] [0m[0mRunning task... Cancel: Signal, check cycles: false, forcegc: true[0m
[0m[[0m[0mdebug[0m] [0m[0mRunning task... Cancel: Signal, check cycles: false, forcegc: true[0m
[0m[[0m[0minfo[0m] [0m[0mcompiling 1 Scala source to /Users/alekseigor/Developer/web/labsweb/target/scala-2.13/classes ...[0m
[0m[[0m[31merror[0m] [0m[0m/Users/alekseigor/Developer/web/labsweb/app/views/main.scala.html:20:74: value at is not a member of controllers.ReverseAssets[0m
[0m[[0m[31merror[0m] [0m[0mdid you mean wait?[0m
[0m[[0m[31merror[0m] [0m[0m        <!-- <link rel="stylesheet" type="text/css" href="@routes.Assets.at("stylesheets/mainstyle.css")"> -->[0m
[0m[[0m[31merror[0m] [0m[0m                                                                         ^[0m
[0m[[0m[31merror[0m] [0m[0m/Users/alekseigor/Developer/web/labsweb/app/views/main.scala.html:21:69: value at is not a member of controllers.ReverseAssets[0m
[0m[[0m[31merror[0m] [0m[0mdid you mean wait?[0m
[0m[[0m[31merror[0m] [0m[0m        <link rel="stylesheet" type="text/css" href="@routes.Assets.at("stylesheets/menubar.css")">[0m
[0m[[0m[31merror[0m] [0m[0m                                                                    ^[0m
[0m[[0m[31merror[0m] [0m[0mtwo errors found[0m
[0m[[0m[31merror[0m] [0m[0m(Compile / [31mcompileIncremental[0m) Compilation failed[0m
[0m[[0m[0mdebug[0m] [0m[0mRunning task... Cancel: Signal, check cycles: false, forcegc: true[0m
[0m[[0m[0mdebug[0m] [0m[0mRunning task... Cancel: Signal, check cycles: false, forcegc: true[0m
[0m[[0m[0mdebug[0m] [0m[0mRunning task... Cancel: Signal, check cycles: false, forcegc: true[0m
[0m[[0m[0minfo[0m] [0m[0mcompiling 1 Scala source to /Users/alekseigor/Developer/web/labsweb/target/scala-2.13/classes ...[0m
[0m[[0m[31merror[0m] [0m[0m/Users/alekseigor/Developer/web/labsweb/app/views/main.scala.html:20:74: value at is not a member of controllers.ReverseAssets[0m
[0m[[0m[31merror[0m] [0m[0mdid you mean wait?[0m
[0m[[0m[31merror[0m] [0m[0m        <!-- <link rel="stylesheet" type="text/css" href="@routes.Assets.at("stylesheets/mainstyle.css")"> -->[0m
[0m[[0m[31merror[0m] [0m[0m                                                                         ^[0m
[0m[[0m[31merror[0m] [0m[0m/Users/alekseigor/Developer/web/labsweb/app/views/main.scala.html:21:69: value at is not a member of controllers.ReverseAssets[0m
[0m[[0m[31merror[0m] [0m[0mdid you mean wait?[0m
[0m[[0m[31merror[0m] [0m[0m        <link rel="stylesheet" type="text/css" href="@routes.Assets.at("stylesheets/menubar.css")">[0m
[0m[[0m[31merror[0m] [0m[0m                                                                    ^[0m
[0m[[0m[31merror[0m] [0m[0mtwo errors found[0m
[0m[[0m[31merror[0m] [0m[0m(Compile / [31mcompileIncremental[0m) Compilation failed[0m
[0m[[0m[0mdebug[0m] [0m[0mRunning task... Cancel: Signal, check cycles: false, forcegc: true[0m
[0m[[0m[0mdebug[0m] [0m[0mRunning task... Cancel: Signal, check cycles: false, forcegc: true[0m
[0m[[0m[0mdebug[0m] [0m[0mRunning task... Cancel: Signal, check cycles: false, forcegc: true[0m
[0m[[0m[0minfo[0m] [0m[0mcompiling 1 Scala source to /Users/alekseigor/Developer/web/labsweb/target/scala-2.13/classes ...[0m
[0m[[0m[31merror[0m] [0m[0m/Users/alekseigor/Developer/web/labsweb/app/views/main.scala.html:20:74: value at is not a member of controllers.ReverseAssets[0m
[0m[[0m[31merror[0m] [0m[0mdid you mean wait?[0m
[0m[[0m[31merror[0m] [0m[0m        <!-- <link rel="stylesheet" type="text/css" href="@routes.Assets.at("stylesheets/mainstyle.css")"> -->[0m
[0m[[0m[31merror[0m] [0m[0m                                                                         ^[0m
[0m[[0m[31merror[0m] [0m[0m/Users/alekseigor/Developer/web/labsweb/app/views/main.scala.html:21:69: value at is not a member of controllers.ReverseAssets[0m
[0m[[0m[31merror[0m] [0m[0mdid you mean wait?[0m
[0m[[0m[31merror[0m] [0m[0m        <link rel="stylesheet" type="text/css" href="@routes.Assets.at("stylesheets/menubar.css")">[0m
[0m[[0m[31merror[0m] [0m[0m                                                                    ^[0m
[0m[[0m[31merror[0m] [0m[0mtwo errors found[0m
[0m[[0m[31merror[0m] [0m[0m(Compile / [31mcompileIncremental[0m) Compilation failed[0m
[0m[[0m[0mdebug[0m] [0m[0mRunning task... Cancel: Signal, check cycles: false, forcegc: true[0m
[0m[[0m[0mdebug[0m] [0m[0mRunning task... Cancel: Signal, check cycles: false, forcegc: true[0m
[0m[[0m[0mdebug[0m] [0m[0mRunning task... Cancel: Signal, check cycles: false, forcegc: true[0m
[0m[[0m[0minfo[0m] [0m[0mcompiling 1 Scala source to /Users/alekseigor/Developer/web/labsweb/target/scala-2.13/classes ...[0m
[0m[[0m[31merror[0m] [0m[0m/Users/alekseigor/Developer/web/labsweb/app/views/main.scala.html:20:74: value at is not a member of controllers.ReverseAssets[0m
[0m[[0m[31merror[0m] [0m[0mdid you mean wait?[0m
[0m[[0m[31merror[0m] [0m[0m        <!-- <link rel="stylesheet" type="text/css" href="@routes.Assets.at("stylesheets/mainstyle.css")"> -->[0m
[0m[[0m[31merror[0m] [0m[0m                                                                         ^[0m
[0m[[0m[31merror[0m] [0m[0m/Users/alekseigor/Developer/web/labsweb/app/views/main.scala.html:21:69: value at is not a member of controllers.ReverseAssets[0m
[0m[[0m[31merror[0m] [0m[0mdid you mean wait?[0m
[0m[[0m[31merror[0m] [0m[0m        <link rel="stylesheet" type="text/css" href="@routes.Assets.at("stylesheets/menubar.css")">[0m
[0m[[0m[31merror[0m] [0m[0m                                                                    ^[0m
[0m[[0m[31merror[0m] [0m[0mtwo errors found[0m
[0m[[0m[31merror[0m] [0m[0m(Compile / [31mcompileIncremental[0m) Compilation failed[0m
[0m[[0m[0mdebug[0m] [0m[0mRunning task... Cancel: Signal, check cycles: false, forcegc: true[0m
[0m[[0m[0mdebug[0m] [0m[0mRunning task... Cancel: Signal, check cycles: false, forcegc: true[0m
[0m[[0m[0mdebug[0m] [0m[0mRunning task... Cancel: Signal, check cycles: false, forcegc: true[0m
[0m[[0m[0minfo[0m] [0m[0mcompiling 1 Scala source to /Users/alekseigor/Developer/web/labsweb/target/scala-2.13/classes ...[0m
[0m[[0m[31merror[0m] [0m[0m/Users/alekseigor/Developer/web/labsweb/app/views/main.scala.html:20:74: value at is not a member of controllers.ReverseAssets[0m
[0m[[0m[31merror[0m] [0m[0mdid you mean wait?[0m
[0m[[0m[31merror[0m] [0m[0m        <!-- <link rel="stylesheet" type="text/css" href="@routes.Assets.at("stylesheets/mainstyle.css")"> -->[0m
[0m[[0m[31merror[0m] [0m[0m                                                                         ^[0m
[0m[[0m[31merror[0m] [0m[0m/Users/alekseigor/Developer/web/labsweb/app/views/main.scala.html:21:69: value at is not a member of controllers.ReverseAssets[0m
[0m[[0m[31merror[0m] [0m[0mdid you mean wait?[0m
[0m[[0m[31merror[0m] [0m[0m        <link rel="stylesheet" type="text/css" href="@routes.Assets.at("stylesheets/menubar.css")">[0m
[0m[[0m[31merror[0m] [0m[0m                                                                    ^[0m
[0m[[0m[31merror[0m] [0m[0mtwo errors found[0m
[0m[[0m[31merror[0m] [0m[0m(Compile / [31mcompileIncremental[0m) Compilation failed[0m
[0m[[0m[0mdebug[0m] [0m[0mRunning task... Cancel: Signal, check cycles: false, forcegc: true[0m
[0m[[0m[0mdebug[0m] [0m[0mRunning task... Cancel: Signal, check cycles: false, forcegc: true[0m
[0m[[0m[0mdebug[0m] [0m[0mRunning task... Cancel: Signal, check cycles: false, forcegc: true[0m
[0m[[0m[0minfo[0m] [0m[0mcompiling 1 Scala source to /Users/alekseigor/Developer/web/labsweb/target/scala-2.13/classes ...[0m
[0m[[0m[31merror[0m] [0m[0m/Users/alekseigor/Developer/web/labsweb/app/views/main.scala.html:20:74: value at is not a member of controllers.ReverseAssets[0m
[0m[[0m[31merror[0m] [0m[0mdid you mean wait?[0m
[0m[[0m[31merror[0m] [0m[0m        <!-- <link rel="stylesheet" type="text/css" href="@routes.Assets.at("stylesheets/mainstyle.css")"> -->[0m
[0m[[0m[31merror[0m] [0m[0m                                                                         ^[0m
[0m[[0m[31merror[0m] [0m[0m/Users/alekseigor/Developer/web/labsweb/app/views/main.scala.html:21:69: value at is not a member of controllers.ReverseAssets[0m
[0m[[0m[31merror[0m] [0m[0mdid you mean wait?[0m
[0m[[0m[31merror[0m] [0m[0m        <link rel="stylesheet" type="text/css" href="@routes.Assets.at("stylesheets/menubar.css")">[0m
[0m[[0m[31merror[0m] [0m[0m                                                                    ^[0m
[0m[[0m[31merror[0m] [0m[0mtwo errors found[0m
[0m[[0m[31merror[0m] [0m[0m(Compile / [31mcompileIncremental[0m) Compilation failed[0m
[0m[[0m[0mdebug[0m] [0m[0mRunning task... Cancel: Signal, check cycles: false, forcegc: true[0m
[0m[[0m[0mdebug[0m] [0m[0mRunning task... Cancel: Signal, check cycles: false, forcegc: true[0m
[0m[[0m[0mdebug[0m] [0m[0mRunning task... Cancel: Signal, check cycles: false, forcegc: true[0m
[0m[[0m[0minfo[0m] [0m[0mcompiling 1 Scala source to /Users/alekseigor/Developer/web/labsweb/target/scala-2.13/classes ...[0m
[0m[[0m[31merror[0m] [0m[0m/Users/alekseigor/Developer/web/labsweb/app/views/main.scala.html:20:74: value at is not a member of controllers.ReverseAssets[0m
[0m[[0m[31merror[0m] [0m[0mdid you mean wait?[0m
[0m[[0m[31merror[0m] [0m[0m        <!-- <link rel="stylesheet" type="text/css" href="@routes.Assets.at("stylesheets/mainstyle.css")"> -->[0m
[0m[[0m[31merror[0m] [0m[0m                                                                         ^[0m
[0m[[0m[31merror[0m] [0m[0m/Users/alekseigor/Developer/web/labsweb/app/views/main.scala.html:21:69: value at is not a member of controllers.ReverseAssets[0m
[0m[[0m[31merror[0m] [0m[0mdid you mean wait?[0m
[0m[[0m[31merror[0m] [0m[0m        <link rel="stylesheet" type="text/css" href="@routes.Assets.at("stylesheets/menubar.css")">[0m
[0m[[0m[31merror[0m] [0m[0m                                                                    ^[0m
[0m[[0m[31merror[0m] [0m[0mtwo errors found[0m
[0m[[0m[31merror[0m] [0m[0m(Compile / [31mcompileIncremental[0m) Compilation failed[0m
[0m[[0m[0mdebug[0m] [0m[0mRunning task... Cancel: Signal, check cycles: false, forcegc: true[0m
[0m[[0m[0mdebug[0m] [0m[0mRunning task... Cancel: Signal, check cycles: false, forcegc: true[0m
[0m[[0m[0mdebug[0m] [0m[0mRunning task... Cancel: Signal, check cycles: false, forcegc: true[0m
[0m[[0m[0minfo[0m] [0m[0mcompiling 1 Scala source to /Users/alekseigor/Developer/web/labsweb/target/scala-2.13/classes ...[0m
[0m[[0m[31merror[0m] [0m[0m/Users/alekseigor/Developer/web/labsweb/app/views/main.scala.html:20:74: value at is not a member of controllers.ReverseAssets[0m
[0m[[0m[31merror[0m] [0m[0mdid you mean wait?[0m
[0m[[0m[31merror[0m] [0m[0m        <!-- <link rel="stylesheet" type="text/css" href="@routes.Assets.at("stylesheets/mainstyle.css")"> -->[0m
[0m[[0m[31merror[0m] [0m[0m                                                                         ^[0m
[0m[[0m[31merror[0m] [0m[0m/Users/alekseigor/Developer/web/labsweb/app/views/main.scala.html:21:69: value at is not a member of controllers.ReverseAssets[0m
[0m[[0m[31merror[0m] [0m[0mdid you mean wait?[0m
[0m[[0m[31merror[0m] [0m[0m        <link rel="stylesheet" type="text/css" href="@routes.Assets.at("stylesheets/menubar.css")">[0m
[0m[[0m[31merror[0m] [0m[0m                                                                    ^[0m
[0m[[0m[31merror[0m] [0m[0mtwo errors found[0m
[0m[[0m[31merror[0m] [0m[0m(Compile / [31mcompileIncremental[0m) Compilation failed[0m
[0m[[0m[0mdebug[0m] [0m[0mRunning task... Cancel: Signal, check cycles: false, forcegc: true[0m
[0m[[0m[0mdebug[0m] [0m[0mRunning task... Cancel: Signal, check cycles: false, forcegc: true[0m
[0m[[0m[0mdebug[0m] [0m[0mRunning task... Cancel: Signal, check cycles: false, forcegc: true[0m
[0m[[0m[0minfo[0m] [0m[0mcompiling 1 Scala source to /Users/alekseigor/Developer/web/labsweb/target/scala-2.13/classes ...[0m
[0m[[0m[31merror[0m] [0m[0m/Users/alekseigor/Developer/web/labsweb/app/views/main.scala.html:20:74: value at is not a member of controllers.ReverseAssets[0m
[0m[[0m[31merror[0m] [0m[0mdid you mean wait?[0m
[0m[[0m[31merror[0m] [0m[0m        <!-- <link rel="stylesheet" type="text/css" href="@routes.Assets.at("stylesheets/mainstyle.css")"> -->[0m
[0m[[0m[31merror[0m] [0m[0m                                                                         ^[0m
[0m[[0m[31merror[0m] [0m[0m/Users/alekseigor/Developer/web/labsweb/app/views/main.scala.html:21:69: value at is not a member of controllers.ReverseAssets[0m
[0m[[0m[31merror[0m] [0m[0mdid you mean wait?[0m
[0m[[0m[31merror[0m] [0m[0m        <link rel="stylesheet" type="text/css" href="@routes.Assets.at("stylesheets/menubar.css")">[0m
[0m[[0m[31merror[0m] [0m[0m                                                                    ^[0m
[0m[[0m[31merror[0m] [0m[0mtwo errors found[0m
[0m[[0m[31merror[0m] [0m[0m(Compile / [31mcompileIncremental[0m) Compilation failed[0m
[0m[[0m[0mdebug[0m] [0m[0mRunning task... Cancel: Signal, check cycles: false, forcegc: true[0m
[0m[[0m[0mdebug[0m] [0m[0mRunning task... Cancel: Signal, check cycles: false, forcegc: true[0m
[0m[[0m[0mdebug[0m] [0m[0mRunning task... Cancel: Signal, check cycles: false, forcegc: true[0m
[0m[[0m[0minfo[0m] [0m[0mcompiling 1 Scala source to /Users/alekseigor/Developer/web/labsweb/target/scala-2.13/classes ...[0m
[0m[[0m[31merror[0m] [0m[0m/Users/alekseigor/Developer/web/labsweb/app/views/main.scala.html:20:74: value at is not a member of controllers.ReverseAssets[0m
[0m[[0m[31merror[0m] [0m[0mdid you mean wait?[0m
[0m[[0m[31merror[0m] [0m[0m        <!-- <link rel="stylesheet" type="text/css" href="@routes.Assets.at("stylesheets/mainstyle.css")"> -->[0m
[0m[[0m[31merror[0m] [0m[0m                                                                         ^[0m
[0m[[0m[31merror[0m] [0m[0m/Users/alekseigor/Developer/web/labsweb/app/views/main.scala.html:21:69: value at is not a member of controllers.ReverseAssets[0m
[0m[[0m[31merror[0m] [0m[0mdid you mean wait?[0m
[0m[[0m[31merror[0m] [0m[0m        <link rel="stylesheet" type="text/css" href="@routes.Assets.at("stylesheets/menubar.css")">[0m
[0m[[0m[31merror[0m] [0m[0m                                                                    ^[0m
[0m[[0m[31merror[0m] [0m[0mtwo errors found[0m
[0m[[0m[31merror[0m] [0m[0m(Compile / [31mcompileIncremental[0m) Compilation failed[0m
[0m[[0m[0mdebug[0m] [0m[0mRunning task... Cancel: Signal, check cycles: false, forcegc: true[0m
[0m[[0m[0mdebug[0m] [0m[0mRunning task... Cancel: Signal, check cycles: false, forcegc: true[0m
[0m[[0m[0mdebug[0m] [0m[0mRunning task... Cancel: Signal, check cycles: false, forcegc: true[0m
[0m[[0m[0minfo[0m] [0m[0mcompiling 1 Scala source to /Users/alekseigor/Developer/web/labsweb/target/scala-2.13/classes ...[0m
[0m[[0m[31merror[0m] [0m[0m/Users/alekseigor/Developer/web/labsweb/app/views/main.scala.html:20:74: value at is not a member of controllers.ReverseAssets[0m
[0m[[0m[31merror[0m] [0m[0mdid you mean wait?[0m
[0m[[0m[31merror[0m] [0m[0m        <!-- <link rel="stylesheet" type="text/css" href="@routes.Assets.at("stylesheets/mainstyle.css")"> -->[0m
[0m[[0m[31merror[0m] [0m[0m                                                                         ^[0m
[0m[[0m[31merror[0m] [0m[0m/Users/alekseigor/Developer/web/labsweb/app/views/main.scala.html:21:69: value at is not a member of controllers.ReverseAssets[0m
[0m[[0m[31merror[0m] [0m[0mdid you mean wait?[0m
[0m[[0m[31merror[0m] [0m[0m        <link rel="stylesheet" type="text/css" href="@routes.Assets.at("stylesheets/menubar.css")">[0m
[0m[[0m[31merror[0m] [0m[0m                                                                    ^[0m
[0m[[0m[31merror[0m] [0m[0mtwo errors found[0m
[0m[[0m[31merror[0m] [0m[0m(Compile / [31mcompileIncremental[0m) Compilation failed[0m
[0m[[0m[0mdebug[0m] [0m[0mRunning task... Cancel: Signal, check cycles: false, forcegc: true[0m
[0m[[0m[0mdebug[0m] [0m[0mRunning task... Cancel: Signal, check cycles: false, forcegc: true[0m
[0m[[0m[0mdebug[0m] [0m[0mRunning task... Cancel: Signal, check cycles: false, forcegc: true[0m
[0m[[0m[0minfo[0m] [0m[0mcompiling 1 Scala source to /Users/alekseigor/Developer/web/labsweb/target/scala-2.13/classes ...[0m
[0m[[0m[31merror[0m] [0m[0m/Users/alekseigor/Developer/web/labsweb/app/views/main.scala.html:20:74: value at is not a member of controllers.ReverseAssets[0m
[0m[[0m[31merror[0m] [0m[0mdid you mean wait?[0m
[0m[[0m[31merror[0m] [0m[0m        <!-- <link rel="stylesheet" type="text/css" href="@routes.Assets.at("stylesheets/mainstyle.css")"> -->[0m
[0m[[0m[31merror[0m] [0m[0m                                                                         ^[0m
[0m[[0m[31merror[0m] [0m[0m/Users/alekseigor/Developer/web/labsweb/app/views/main.scala.html:21:69: value at is not a member of controllers.ReverseAssets[0m
[0m[[0m[31merror[0m] [0m[0mdid you mean wait?[0m
[0m[[0m[31merror[0m] [0m[0m        <link rel="stylesheet" type="text/css" href="@routes.Assets.at("stylesheets/menubar.css")">[0m
[0m[[0m[31merror[0m] [0m[0m                                                                    ^[0m
[0m[[0m[31merror[0m] [0m[0mtwo errors found[0m
[0m[[0m[31merror[0m] [0m[0m(Compile / [31mcompileIncremental[0m) Compilation failed[0m
[0m[[0m[0mdebug[0m] [0m[0mRunning task... Cancel: Signal, check cycles: false, forcegc: true[0m
[0m[[0m[0mdebug[0m] [0m[0mRunning task... Cancel: Signal, check cycles: false, forcegc: true[0m
[0m[[0m[0mdebug[0m] [0m[0mRunning task... Cancel: Signal, check cycles: false, forcegc: true[0m
[0m[[0m[0minfo[0m] [0m[0mcompiling 1 Scala source to /Users/alekseigor/Developer/web/labsweb/target/scala-2.13/classes ...[0m
[0m[[0m[31merror[0m] [0m[0m/Users/alekseigor/Developer/web/labsweb/app/views/main.scala.html:20:74: value at is not a member of controllers.ReverseAssets[0m
[0m[[0m[31merror[0m] [0m[0mdid you mean wait?[0m
[0m[[0m[31merror[0m] [0m[0m        <!-- <link rel="stylesheet" type="text/css" href="@routes.Assets.at("stylesheets/mainstyle.css")"> -->[0m
[0m[[0m[31merror[0m] [0m[0m                                                                         ^[0m
[0m[[0m[31merror[0m] [0m[0m/Users/alekseigor/Developer/web/labsweb/app/views/main.scala.html:21:69: value at is not a member of controllers.ReverseAssets[0m
[0m[[0m[31merror[0m] [0m[0mdid you mean wait?[0m
[0m[[0m[31merror[0m] [0m[0m        <link rel="stylesheet" type="text/css" href="@routes.Assets.at("stylesheets/menubar.css")">[0m
[0m[[0m[31merror[0m] [0m[0m                                                                    ^[0m
[0m[[0m[31merror[0m] [0m[0mtwo errors found[0m
[0m[[0m[31merror[0m] [0m[0m(Compile / [31mcompileIncremental[0m) Compilation failed[0m
[0m[[0m[0mdebug[0m] [0m[0mRunning task... Cancel: Signal, check cycles: false, forcegc: true[0m
[0m[[0m[0mdebug[0m] [0m[0mRunning task... Cancel: Signal, check cycles: false, forcegc: true[0m
[0m[[0m[0mdebug[0m] [0m[0mRunning task... Cancel: Signal, check cycles: false, forcegc: true[0m
[0m[[0m[0minfo[0m] [0m[0mcompiling 1 Scala source to /Users/alekseigor/Developer/web/labsweb/target/scala-2.13/classes ...[0m
[0m[[0m[31merror[0m] [0m[0m/Users/alekseigor/Developer/web/labsweb/app/views/main.scala.html:20:74: value at is not a member of controllers.ReverseAssets[0m
[0m[[0m[31merror[0m] [0m[0mdid you mean wait?[0m
[0m[[0m[31merror[0m] [0m[0m        <!-- <link rel="stylesheet" type="text/css" href="@routes.Assets.at("stylesheets/mainstyle.css")"> -->[0m
[0m[[0m[31merror[0m] [0m[0m                                                                         ^[0m
[0m[[0m[31merror[0m] [0m[0m/Users/alekseigor/Developer/web/labsweb/app/views/main.scala.html:21:69: value at is not a member of controllers.ReverseAssets[0m
[0m[[0m[31merror[0m] [0m[0mdid you mean wait?[0m
[0m[[0m[31merror[0m] [0m[0m        <link rel="stylesheet" type="text/css" href="@routes.Assets.at("stylesheets/menubar.css")">[0m
[0m[[0m[31merror[0m] [0m[0m                                                                    ^[0m
[0m[[0m[31merror[0m] [0m[0mtwo errors found[0m
[0m[[0m[31merror[0m] [0m[0m(Compile / [31mcompileIncremental[0m) Compilation failed[0m
[0m[[0m[0mdebug[0m] [0m[0mRunning task... Cancel: Signal, check cycles: false, forcegc: true[0m
[0m[[0m[0mdebug[0m] [0m[0mRunning task... Cancel: Signal, check cycles: false, forcegc: true[0m
[0m[[0m[0mdebug[0m] [0m[0mRunning task... Cancel: Signal, check cycles: false, forcegc: true[0m
[0m[[0m[0minfo[0m] [0m[0mcompiling 1 Scala source to /Users/alekseigor/Developer/web/labsweb/target/scala-2.13/classes ...[0m
[0m[[0m[31merror[0m] [0m[0m/Users/alekseigor/Developer/web/labsweb/app/views/main.scala.html:20:74: value at is not a member of controllers.ReverseAssets[0m
[0m[[0m[31merror[0m] [0m[0mdid you mean wait?[0m
[0m[[0m[31merror[0m] [0m[0m        <!-- <link rel="stylesheet" type="text/css" href="@routes.Assets.at("stylesheets/mainstyle.css")"> -->[0m
[0m[[0m[31merror[0m] [0m[0m                                                                         ^[0m
[0m[[0m[31merror[0m] [0m[0m/Users/alekseigor/Developer/web/labsweb/app/views/main.scala.html:21:69: value at is not a member of controllers.ReverseAssets[0m
[0m[[0m[31merror[0m] [0m[0mdid you mean wait?[0m
[0m[[0m[31merror[0m] [0m[0m        <link rel="stylesheet" type="text/css" href="@routes.Assets.at("stylesheets/menubar.css")">[0m
[0m[[0m[31merror[0m] [0m[0m                                                                    ^[0m
[0m[[0m[31merror[0m] [0m[0mtwo errors found[0m
[0m[[0m[31merror[0m] [0m[0m(Compile / [31mcompileIncremental[0m) Compilation failed[0m
[0m[[0m[0mdebug[0m] [0m[0mRunning task... Cancel: Signal, check cycles: false, forcegc: true[0m
[0m[[0m[0mdebug[0m] [0m[0mRunning task... Cancel: Signal, check cycles: false, forcegc: true[0m
[0m[[0m[0mdebug[0m] [0m[0mRunning task... Cancel: Signal, check cycles: false, forcegc: true[0m
[0m[[0m[0minfo[0m] [0m[0mcompiling 1 Scala source to /Users/alekseigor/Developer/web/labsweb/target/scala-2.13/classes ...[0m
[0m[[0m[31merror[0m] [0m[0m/Users/alekseigor/Developer/web/labsweb/app/views/main.scala.html:20:74: value at is not a member of controllers.ReverseAssets[0m
[0m[[0m[31merror[0m] [0m[0mdid you mean wait?[0m
[0m[[0m[31merror[0m] [0m[0m        <!-- <link rel="stylesheet" type="text/css" href="@routes.Assets.at("stylesheets/mainstyle.css")"> -->[0m
[0m[[0m[31merror[0m] [0m[0m                                                                         ^[0m
[0m[[0m[31merror[0m] [0m[0m/Users/alekseigor/Developer/web/labsweb/app/views/main.scala.html:21:69: value at is not a member of controllers.ReverseAssets[0m
[0m[[0m[31merror[0m] [0m[0mdid you mean wait?[0m
[0m[[0m[31merror[0m] [0m[0m        <link rel="stylesheet" type="text/css" href="@routes.Assets.at("stylesheets/menubar.css")">[0m
[0m[[0m[31merror[0m] [0m[0m                                                                    ^[0m
[0m[[0m[31merror[0m] [0m[0mtwo errors found[0m
[0m[[0m[31merror[0m] [0m[0m(Compile / [31mcompileIncremental[0m) Compilation failed[0m
[0m[[0m[0mdebug[0m] [0m[0mRunning task... Cancel: Signal, check cycles: false, forcegc: true[0m
[0m[[0m[0mdebug[0m] [0m[0mRunning task... Cancel: Signal, check cycles: false, forcegc: true[0m
[0m[[0m[0mdebug[0m] [0m[0mRunning task... Cancel: Signal, check cycles: false, forcegc: true[0m
[0m[[0m[0minfo[0m] [0m[0mcompiling 1 Scala source to /Users/alekseigor/Developer/web/labsweb/target/scala-2.13/classes ...[0m
[0m[[0m[31merror[0m] [0m[0m/Users/alekseigor/Developer/web/labsweb/app/views/main.scala.html:20:74: value at is not a member of controllers.ReverseAssets[0m
[0m[[0m[31merror[0m] [0m[0mdid you mean wait?[0m
[0m[[0m[31merror[0m] [0m[0m        <!-- <link rel="stylesheet" type="text/css" href="@routes.Assets.at("stylesheets/mainstyle.css")"> -->[0m
[0m[[0m[31merror[0m] [0m[0m                                                                         ^[0m
[0m[[0m[31merror[0m] [0m[0m/Users/alekseigor/Developer/web/labsweb/app/views/main.scala.html:21:69: value at is not a member of controllers.ReverseAssets[0m
[0m[[0m[31merror[0m] [0m[0mdid you mean wait?[0m
[0m[[0m[31merror[0m] [0m[0m        <link rel="stylesheet" type="text/css" href="@routes.Assets.at("stylesheets/menubar.css")">[0m
[0m[[0m[31merror[0m] [0m[0m                                                                    ^[0m
[0m[[0m[31merror[0m] [0m[0mtwo errors found[0m
[0m[[0m[31merror[0m] [0m[0m(Compile / [31mcompileIncremental[0m) Compilation failed[0m
[0m[[0m[0mdebug[0m] [0m[0mRunning task... Cancel: Signal, check cycles: false, forcegc: true[0m
[0m[[0m[0mdebug[0m] [0m[0mRunning task... Cancel: Signal, check cycles: false, forcegc: true[0m
[0m[[0m[0mdebug[0m] [0m[0mRunning task... Cancel: Signal, check cycles: false, forcegc: true[0m
[0m[[0m[0minfo[0m] [0m[0mcompiling 1 Scala source to /Users/alekseigor/Developer/web/labsweb/target/scala-2.13/classes ...[0m
[0m[[0m[31merror[0m] [0m[0m/Users/alekseigor/Developer/web/labsweb/app/views/main.scala.html:20:74: value at is not a member of controllers.ReverseAssets[0m
[0m[[0m[31merror[0m] [0m[0mdid you mean wait?[0m
[0m[[0m[31merror[0m] [0m[0m        <!-- <link rel="stylesheet" type="text/css" href="@routes.Assets.at("stylesheets/mainstyle.css")"> -->[0m
[0m[[0m[31merror[0m] [0m[0m                                                                         ^[0m
[0m[[0m[31merror[0m] [0m[0m/Users/alekseigor/Developer/web/labsweb/app/views/main.scala.html:21:69: value at is not a member of controllers.ReverseAssets[0m
[0m[[0m[31merror[0m] [0m[0mdid you mean wait?[0m
[0m[[0m[31merror[0m] [0m[0m        <link rel="stylesheet" type="text/css" href="@routes.Assets.at("stylesheets/menubar.css")">[0m
[0m[[0m[31merror[0m] [0m[0m                                                                    ^[0m
[0m[[0m[31merror[0m] [0m[0mtwo errors found[0m
[0m[[0m[31merror[0m] [0m[0m(Compile / [31mcompileIncremental[0m) Compilation failed[0m
[0m[[0m[0mdebug[0m] [0m[0mRunning task... Cancel: Signal, check cycles: false, forcegc: true[0m
[0m[[0m[0mdebug[0m] [0m[0mRunning task... Cancel: Signal, check cycles: false, forcegc: true[0m
[0m[[0m[0mdebug[0m] [0m[0mRunning task... Cancel: Signal, check cycles: false, forcegc: true[0m
[0m[[0m[0minfo[0m] [0m[0mcompiling 1 Scala source to /Users/alekseigor/Developer/web/labsweb/target/scala-2.13/classes ...[0m
[0m[[0m[31merror[0m] [0m[0m/Users/alekseigor/Developer/web/labsweb/app/views/main.scala.html:20:74: value at is not a member of controllers.ReverseAssets[0m
[0m[[0m[31merror[0m] [0m[0mdid you mean wait?[0m
[0m[[0m[31merror[0m] [0m[0m        <!-- <link rel="stylesheet" type="text/css" href="@routes.Assets.at("stylesheets/mainstyle.css")"> -->[0m
[0m[[0m[31merror[0m] [0m[0m                                                                         ^[0m
[0m[[0m[31merror[0m] [0m[0m/Users/alekseigor/Developer/web/labsweb/app/views/main.scala.html:21:69: value at is not a member of controllers.ReverseAssets[0m
[0m[[0m[31merror[0m] [0m[0mdid you mean wait?[0m
[0m[[0m[31merror[0m] [0m[0m        <link rel="stylesheet" type="text/css" href="@routes.Assets.at("stylesheets/menubar.css")">[0m
[0m[[0m[31merror[0m] [0m[0m                                                                    ^[0m
[0m[[0m[31merror[0m] [0m[0mtwo errors found[0m
[0m[[0m[31merror[0m] [0m[0m(Compile / [31mcompileIncremental[0m) Compilation failed[0m
[0m[[0m[0mdebug[0m] [0m[0mRunning task... Cancel: Signal, check cycles: false, forcegc: true[0m
[0m[[0m[0mdebug[0m] [0m[0mRunning task... Cancel: Signal, check cycles: false, forcegc: true[0m
[0m[[0m[0mdebug[0m] [0m[0mRunning task... Cancel: Signal, check cycles: false, forcegc: true[0m
[0m[[0m[0minfo[0m] [0m[0mcompiling 1 Scala source to /Users/alekseigor/Developer/web/labsweb/target/scala-2.13/classes ...[0m
[0m[[0m[31merror[0m] [0m[0m/Users/alekseigor/Developer/web/labsweb/app/views/main.scala.html:20:74: value at is not a member of controllers.ReverseAssets[0m
[0m[[0m[31merror[0m] [0m[0mdid you mean wait?[0m
[0m[[0m[31merror[0m] [0m[0m        <!-- <link rel="stylesheet" type="text/css" href="@routes.Assets.at("stylesheets/mainstyle.css")"> -->[0m
[0m[[0m[31merror[0m] [0m[0m                                                                         ^[0m
[0m[[0m[31merror[0m] [0m[0m/Users/alekseigor/Developer/web/labsweb/app/views/main.scala.html:21:69: value at is not a member of controllers.ReverseAssets[0m
[0m[[0m[31merror[0m] [0m[0mdid you mean wait?[0m
[0m[[0m[31merror[0m] [0m[0m        <link rel="stylesheet" type="text/css" href="@routes.Assets.at("stylesheets/menubar.css")">[0m
[0m[[0m[31merror[0m] [0m[0m                                                                    ^[0m
[0m[[0m[31merror[0m] [0m[0mtwo errors found[0m
[0m[[0m[31merror[0m] [0m[0m(Compile / [31mcompileIncremental[0m) Compilation failed[0m
[0m[[0m[0mdebug[0m] [0m[0mRunning task... Cancel: Signal, check cycles: false, forcegc: true[0m
[0m[[0m[0mdebug[0m] [0m[0mRunning task... Cancel: Signal, check cycles: false, forcegc: true[0m
[0m[[0m[0mdebug[0m] [0m[0mRunning task... Cancel: Signal, check cycles: false, forcegc: true[0m
[0m[[0m[0minfo[0m] [0m[0mcompiling 1 Scala source to /Users/alekseigor/Developer/web/labsweb/target/scala-2.13/classes ...[0m
[0m[[0m[31merror[0m] [0m[0m/Users/alekseigor/Developer/web/labsweb/app/views/main.scala.html:20:74: value at is not a member of controllers.ReverseAssets[0m
[0m[[0m[31merror[0m] [0m[0mdid you mean wait?[0m
[0m[[0m[31merror[0m] [0m[0m        <!-- <link rel="stylesheet" type="text/css" href="@routes.Assets.at("stylesheets/mainstyle.css")"> -->[0m
[0m[[0m[31merror[0m] [0m[0m                                                                         ^[0m
[0m[[0m[31merror[0m] [0m[0m/Users/alekseigor/Developer/web/labsweb/app/views/main.scala.html:21:69: value at is not a member of controllers.ReverseAssets[0m
[0m[[0m[31merror[0m] [0m[0mdid you mean wait?[0m
[0m[[0m[31merror[0m] [0m[0m        <link rel="stylesheet" type="text/css" href="@routes.Assets.at("stylesheets/menubar.css")">[0m
[0m[[0m[31merror[0m] [0m[0m                                                                    ^[0m
[0m[[0m[31merror[0m] [0m[0mtwo errors found[0m
[0m[[0m[31merror[0m] [0m[0m(Compile / [31mcompileIncremental[0m) Compilation failed[0m
[0m[[0m[0mdebug[0m] [0m[0mRunning task... Cancel: Signal, check cycles: false, forcegc: true[0m
[0m[[0m[0mdebug[0m] [0m[0mRunning task... Cancel: Signal, check cycles: false, forcegc: true[0m
[0m[[0m[0mdebug[0m] [0m[0mRunning task... Cancel: Signal, check cycles: false, forcegc: true[0m
[0m[[0m[0minfo[0m] [0m[0mcompiling 1 Scala source to /Users/alekseigor/Developer/web/labsweb/target/scala-2.13/classes ...[0m
[0m[[0m[31merror[0m] [0m[0m/Users/alekseigor/Developer/web/labsweb/app/views/main.scala.html:20:74: value at is not a member of controllers.ReverseAssets[0m
[0m[[0m[31merror[0m] [0m[0mdid you mean wait?[0m
[0m[[0m[31merror[0m] [0m[0m        <!-- <link rel="stylesheet" type="text/css" href="@routes.Assets.at("stylesheets/mainstyle.css")"> -->[0m
[0m[[0m[31merror[0m] [0m[0m                                                                         ^[0m
[0m[[0m[31merror[0m] [0m[0m/Users/alekseigor/Developer/web/labsweb/app/views/main.scala.html:21:69: value at is not a member of controllers.ReverseAssets[0m
[0m[[0m[31merror[0m] [0m[0mdid you mean wait?[0m
[0m[[0m[31merror[0m] [0m[0m        <link rel="stylesheet" type="text/css" href="@routes.Assets.at("stylesheets/menubar.css")">[0m
[0m[[0m[31merror[0m] [0m[0m                                                                    ^[0m
[0m[[0m[31merror[0m] [0m[0mtwo errors found[0m
[0m[[0m[31merror[0m] [0m[0m(Compile / [31mcompileIncremental[0m) Compilation failed[0m
[0m[[0m[0mdebug[0m] [0m[0mRunning task... Cancel: Signal, check cycles: false, forcegc: true[0m
[0m[[0m[0mdebug[0m] [0m[0mRunning task... Cancel: Signal, check cycles: false, forcegc: true[0m
[0m[[0m[0mdebug[0m] [0m[0mRunning task... Cancel: Signal, check cycles: false, forcegc: true[0m
[0m[[0m[0minfo[0m] [0m[0mcompiling 1 Scala source to /Users/alekseigor/Developer/web/labsweb/target/scala-2.13/classes ...[0m
[0m[[0m[31merror[0m] [0m[0m/Users/alekseigor/Developer/web/labsweb/app/views/main.scala.html:20:74: value at is not a member of controllers.ReverseAssets[0m
[0m[[0m[31merror[0m] [0m[0mdid you mean wait?[0m
[0m[[0m[31merror[0m] [0m[0m        <!-- <link rel="stylesheet" type="text/css" href="@routes.Assets.at("stylesheets/mainstyle.css")"> -->[0m
[0m[[0m[31merror[0m] [0m[0m                                                                         ^[0m
[0m[[0m[31merror[0m] [0m[0m/Users/alekseigor/Developer/web/labsweb/app/views/main.scala.html:21:69: value at is not a member of controllers.ReverseAssets[0m
[0m[[0m[31merror[0m] [0m[0mdid you mean wait?[0m
[0m[[0m[31merror[0m] [0m[0m        <link rel="stylesheet" type="text/css" href="@routes.Assets.at("stylesheets/menubar.css")">[0m
[0m[[0m[31merror[0m] [0m[0m                                                                    ^[0m
[0m[[0m[31merror[0m] [0m[0mtwo errors found[0m
[0m[[0m[31merror[0m] [0m[0m(Compile / [31mcompileIncremental[0m) Compilation failed[0m
[0m[[0m[0mdebug[0m] [0m[0mRunning task... Cancel: Signal, check cycles: false, forcegc: true[0m
[0m[[0m[0mdebug[0m] [0m[0mRunning task... Cancel: Signal, check cycles: false, forcegc: true[0m
[0m[[0m[0mdebug[0m] [0m[0mRunning task... Cancel: Signal, check cycles: false, forcegc: true[0m
[0m[[0m[0minfo[0m] [0m[0mcompiling 1 Scala source to /Users/alekseigor/Developer/web/labsweb/target/scala-2.13/classes ...[0m
[0m[[0m[31merror[0m] [0m[0m/Users/alekseigor/Developer/web/labsweb/app/views/main.scala.html:17:74: value at is not a member of controllers.ReverseAssets[0m
[0m[[0m[31merror[0m] [0m[0mdid you mean wait?[0m
[0m[[0m[31merror[0m] [0m[0m        <!-- <link rel="stylesheet" type="text/css" href="@routes.Assets.at("stylesheets/mainstyle.css")"> -->[0m
[0m[[0m[31merror[0m] [0m[0m                                                                         ^[0m
[0m[[0m[31merror[0m] [0m[0m/Users/alekseigor/Developer/web/labsweb/app/views/main.scala.html:18:69: value at is not a member of controllers.ReverseAssets[0m
[0m[[0m[31merror[0m] [0m[0mdid you mean wait?[0m
[0m[[0m[31merror[0m] [0m[0m        <link rel="stylesheet" type="text/css" href="@routes.Assets.at("stylesheets/menubar.css")">[0m
[0m[[0m[31merror[0m] [0m[0m                                                                    ^[0m
[0m[[0m[31merror[0m] [0m[0mtwo errors found[0m
[0m[[0m[31merror[0m] [0m[0m(Compile / [31mcompileIncremental[0m) Compilation failed[0m
[0m[[0m[0mdebug[0m] [0m[0mRunning task... Cancel: Signal, check cycles: false, forcegc: true[0m
[0m[[0m[0mdebug[0m] [0m[0mRunning task... Cancel: Signal, check cycles: false, forcegc: true[0m
[0m[[0m[0mdebug[0m] [0m[0mRunning task... Cancel: Signal, check cycles: false, forcegc: true[0m
[0m[[0m[0minfo[0m] [0m[0mcompiling 1 Scala source to /Users/alekseigor/Developer/web/labsweb/target/scala-2.13/classes ...[0m
[0m[[0m[31merror[0m] [0m[0m/Users/alekseigor/Developer/web/labsweb/app/views/main.scala.html:17:74: value at is not a member of controllers.ReverseAssets[0m
[0m[[0m[31merror[0m] [0m[0mdid you mean wait?[0m
[0m[[0m[31merror[0m] [0m[0m        <!-- <link rel="stylesheet" type="text/css" href="@routes.Assets.at("stylesheets/mainstyle.css")"> -->[0m
[0m[[0m[31merror[0m] [0m[0m                                                                         ^[0m
[0m[[0m[31merror[0m] [0m[0m/Users/alekseigor/Developer/web/labsweb/app/views/main.scala.html:18:69: value at is not a member of controllers.ReverseAssets[0m
[0m[[0m[31merror[0m] [0m[0mdid you mean wait?[0m
[0m[[0m[31merror[0m] [0m[0m        <link rel="stylesheet" type="text/css" href="@routes.Assets.at("stylesheets/menubar.css")">[0m
[0m[[0m[31merror[0m] [0m[0m                                                                    ^[0m
[0m[[0m[31merror[0m] [0m[0mtwo errors found[0m
[0m[[0m[31merror[0m] [0m[0m(Compile / [31mcompileIncremental[0m) Compilation failed[0m
[0m[[0m[0mdebug[0m] [0m[0mRunning task... Cancel: Signal, check cycles: false, forcegc: true[0m
[0m[[0m[0mdebug[0m] [0m[0mRunning task... Cancel: Signal, check cycles: false, forcegc: true[0m
[0m[[0m[0mdebug[0m] [0m[0mRunning task... Cancel: Signal, check cycles: false, forcegc: true[0m
[0m[[0m[0minfo[0m] [0m[0mcompiling 1 Scala source to /Users/alekseigor/Developer/web/labsweb/target/scala-2.13/classes ...[0m
[0m[[0m[31merror[0m] [0m[0m/Users/alekseigor/Developer/web/labsweb/app/views/main.scala.html:17:69: value at is not a member of controllers.ReverseAssets[0m
[0m[[0m[31merror[0m] [0m[0mdid you mean wait?[0m
[0m[[0m[31merror[0m] [0m[0m        <link rel="stylesheet" type="text/css" href="@routes.Assets.at("stylesheets/menubar.css")">[0m
[0m[[0m[31merror[0m] [0m[0m                                                                    ^[0m
[0m[[0m[31merror[0m] [0m[0mone error found[0m
[0m[[0m[31merror[0m] [0m[0m(Compile / [31mcompileIncremental[0m) Compilation failed[0m
[0m[[0m[0mdebug[0m] [0m[0mRunning task... Cancel: Signal, check cycles: false, forcegc: true[0m
[0m[[0m[0mdebug[0m] [0m[0mRunning task... Cancel: Signal, check cycles: false, forcegc: true[0m
[0m[[0m[0mdebug[0m] [0m[0mRunning task... Cancel: Signal, check cycles: false, forcegc: true[0m
[0m[[0m[0minfo[0m] [0m[0mcompiling 1 Scala source to /Users/alekseigor/Developer/web/labsweb/target/scala-2.13/classes ...[0m
[0m[[0m[31merror[0m] [0m[0m/Users/alekseigor/Developer/web/labsweb/app/views/main.scala.html:17:69: value at is not a member of controllers.ReverseAssets[0m
[0m[[0m[31merror[0m] [0m[0mdid you mean wait?[0m
[0m[[0m[31merror[0m] [0m[0m        <link rel="stylesheet" type="text/css" href="@routes.Assets.at("stylesheets/menubar.css")">[0m
[0m[[0m[31merror[0m] [0m[0m                                                                    ^[0m
[0m[[0m[31merror[0m] [0m[0mone error found[0m
[0m[[0m[31merror[0m] [0m[0m(Compile / [31mcompileIncremental[0m) Compilation failed[0m
[0m[[0m[0mdebug[0m] [0m[0mRunning task... Cancel: Signal, check cycles: false, forcegc: true[0m
[0m[[0m[0mdebug[0m] [0m[0mRunning task... Cancel: Signal, check cycles: false, forcegc: true[0m
[0m[[0m[0mdebug[0m] [0m[0mRunning task... Cancel: Signal, check cycles: false, forcegc: true[0m
[0m[[0m[0minfo[0m] [0m[0mcompiling 1 Scala source to /Users/alekseigor/Developer/web/labsweb/target/scala-2.13/classes ...[0m
[0m[[0m[31merror[0m] [0m[0m/Users/alekseigor/Developer/web/labsweb/app/views/main.scala.html:17:69: value at is not a member of controllers.ReverseAssets[0m
[0m[[0m[31merror[0m] [0m[0mdid you mean wait?[0m
[0m[[0m[31merror[0m] [0m[0m        <link rel="stylesheet" type="text/css" href="@routes.Assets.at("stylesheets/menubar.css")">[0m
[0m[[0m[31merror[0m] [0m[0m                                                                    ^[0m
[0m[[0m[31merror[0m] [0m[0mone error found[0m
[0m[[0m[31merror[0m] [0m[0m(Compile / [31mcompileIncremental[0m) Compilation failed[0m
[0m[[0m[0mdebug[0m] [0m[0mRunning task... Cancel: Signal, check cycles: false, forcegc: true[0m
[0m[[0m[0mdebug[0m] [0m[0mRunning task... Cancel: Signal, check cycles: false, forcegc: true[0m
[0m[[0m[0mdebug[0m] [0m[0mRunning task... Cancel: Signal, check cycles: false, forcegc: true[0m
[0m[[0m[0minfo[0m] [0m[0mcompiling 1 Scala source to /Users/alekseigor/Developer/web/labsweb/target/scala-2.13/classes ...[0m
[0m[[0m[31merror[0m] [0m[0m/Users/alekseigor/Developer/web/labsweb/app/views/main.scala.html:17:69: value at is not a member of controllers.ReverseAssets[0m
[0m[[0m[31merror[0m] [0m[0mdid you mean wait?[0m
[0m[[0m[31merror[0m] [0m[0m        <link rel="stylesheet" type="text/css" href="@routes.Assets.at("stylesheets/menubar.css")">[0m
[0m[[0m[31merror[0m] [0m[0m                                                                    ^[0m
[0m[[0m[31merror[0m] [0m[0mone error found[0m
[0m[[0m[31merror[0m] [0m[0m(Compile / [31mcompileIncremental[0m) Compilation failed[0m
[0m[[0m[0mdebug[0m] [0m[0mRunning task... Cancel: Signal, check cycles: false, forcegc: true[0m
[0m[[0m[0mdebug[0m] [0m[0mRunning task... Cancel: Signal, check cycles: false, forcegc: true[0m
[0m[[0m[0mdebug[0m] [0m[0mRunning task... Cancel: Signal, check cycles: false, forcegc: true[0m
[0m[[0m[0minfo[0m] [0m[0mcompiling 1 Scala source to /Users/alekseigor/Developer/web/labsweb/target/scala-2.13/classes ...[0m
[0m[[0m[31merror[0m] [0m[0m/Users/alekseigor/Developer/web/labsweb/app/views/main.scala.html:17:69: value at is not a member of controllers.ReverseAssets[0m
[0m[[0m[31merror[0m] [0m[0mdid you mean wait?[0m
[0m[[0m[31merror[0m] [0m[0m        <link rel="stylesheet" type="text/css" href="@routes.Assets.at("stylesheets/menubar.css")">[0m
[0m[[0m[31merror[0m] [0m[0m                                                                    ^[0m
[0m[[0m[31merror[0m] [0m[0mone error found[0m
[0m[[0m[31merror[0m] [0m[0m(Compile / [31mcompileIncremental[0m) Compilation failed[0m
[0m[[0m[0mdebug[0m] [0m[0mRunning task... Cancel: Signal, check cycles: false, forcegc: true[0m
[0m[[0m[0mdebug[0m] [0m[0mRunning task... Cancel: Signal, check cycles: false, forcegc: true[0m
[0m[[0m[0mdebug[0m] [0m[0mRunning task... Cancel: Signal, check cycles: false, forcegc: true[0m
[0m[[0m[0minfo[0m] [0m[0mcompiling 1 Scala source to /Users/alekseigor/Developer/web/labsweb/target/scala-2.13/classes ...[0m
[0m[[0m[31merror[0m] [0m[0m/Users/alekseigor/Developer/web/labsweb/app/views/main.scala.html:17:69: value at is not a member of controllers.ReverseAssets[0m
[0m[[0m[31merror[0m] [0m[0mdid you mean wait?[0m
[0m[[0m[31merror[0m] [0m[0m        <link rel="stylesheet" type="text/css" href="@routes.Assets.at("stylesheets/menubar.css")">[0m
[0m[[0m[31merror[0m] [0m[0m                                                                    ^[0m
[0m[[0m[31merror[0m] [0m[0mone error found[0m
[0m[[0m[31merror[0m] [0m[0m(Compile / [31mcompileIncremental[0m) Compilation failed[0m
[0m[[0m[0mdebug[0m] [0m[0mRunning task... Cancel: Signal, check cycles: false, forcegc: true[0m
[0m[[0m[0mdebug[0m] [0m[0mRunning task... Cancel: Signal, check cycles: false, forcegc: true[0m
[0m[[0m[0mdebug[0m] [0m[0mRunning task... Cancel: Signal, check cycles: false, forcegc: true[0m
[0m[[0m[0minfo[0m] [0m[0mcompiling 1 Scala source to /Users/alekseigor/Developer/web/labsweb/target/scala-2.13/classes ...[0m
[0m[[0m[31merror[0m] [0m[0m/Users/alekseigor/Developer/web/labsweb/app/views/main.scala.html:17:69: value at is not a member of controllers.ReverseAssets[0m
[0m[[0m[31merror[0m] [0m[0mdid you mean wait?[0m
[0m[[0m[31merror[0m] [0m[0m        <link rel="stylesheet" type="text/css" href="@routes.Assets.at("stylesheets/menubar.css")">[0m
[0m[[0m[31merror[0m] [0m[0m                                                                    ^[0m
[0m[[0m[31merror[0m] [0m[0mone error found[0m
[0m[[0m[31merror[0m] [0m[0m(Compile / [31mcompileIncremental[0m) Compilation failed[0m
[0m[[0m[0mdebug[0m] [0m[0mRunning task... Cancel: Signal, check cycles: false, forcegc: true[0m
[0m[[0m[0mdebug[0m] [0m[0mRunning task... Cancel: Signal, check cycles: false, forcegc: true[0m
[0m[[0m[0mdebug[0m] [0m[0mRunning task... Cancel: Signal, check cycles: false, forcegc: true[0m
[0m[[0m[0minfo[0m] [0m[0mcompiling 1 Scala source to /Users/alekseigor/Developer/web/labsweb/target/scala-2.13/classes ...[0m
[0m[[0m[31merror[0m] [0m[0m/Users/alekseigor/Developer/web/labsweb/app/views/main.scala.html:17:69: value at is not a member of controllers.ReverseAssets[0m
[0m[[0m[31merror[0m] [0m[0mdid you mean wait?[0m
[0m[[0m[31merror[0m] [0m[0m        <link rel="stylesheet" type="text/css" href="@routes.Assets.at("stylesheets/menubar.css")">[0m
[0m[[0m[31merror[0m] [0m[0m                                                                    ^[0m
[0m[[0m[31merror[0m] [0m[0mone error found[0m
[0m[[0m[31merror[0m] [0m[0m(Compile / [31mcompileIncremental[0m) Compilation failed[0m
[0m[[0m[0mdebug[0m] [0m[0mRunning task... Cancel: Signal, check cycles: false, forcegc: true[0m
[0m[[0m[0mdebug[0m] [0m[0mRunning task... Cancel: Signal, check cycles: false, forcegc: true[0m
[0m[[0m[0mdebug[0m] [0m[0mRunning task... Cancel: Signal, check cycles: false, forcegc: true[0m
[0m[[0m[0minfo[0m] [0m[0mcompiling 1 Scala source to /Users/alekseigor/Developer/web/labsweb/target/scala-2.13/classes ...[0m
[0m[[0m[31merror[0m] [0m[0m/Users/alekseigor/Developer/web/labsweb/app/views/main.scala.html:17:69: value at is not a member of controllers.ReverseAssets[0m
[0m[[0m[31merror[0m] [0m[0mdid you mean wait?[0m
[0m[[0m[31merror[0m] [0m[0m        <link rel="stylesheet" type="text/css" href="@routes.Assets.at("stylesheets/menubar.css")">[0m
[0m[[0m[31merror[0m] [0m[0m                                                                    ^[0m
[0m[[0m[31merror[0m] [0m[0mone error found[0m
[0m[[0m[31merror[0m] [0m[0m(Compile / [31mcompileIncremental[0m) Compilation failed[0m
[0m[[0m[0mdebug[0m] [0m[0mRunning task... Cancel: Signal, check cycles: false, forcegc: true[0m
[0m[[0m[0mdebug[0m] [0m[0mRunning task... Cancel: Signal, check cycles: false, forcegc: true[0m
[0m[[0m[0mdebug[0m] [0m[0mRunning task... Cancel: Signal, check cycles: false, forcegc: true[0m
[0m[[0m[0minfo[0m] [0m[0mcompiling 1 Scala source to /Users/alekseigor/Developer/web/labsweb/target/scala-2.13/classes ...[0m
[0m[[0m[31merror[0m] [0m[0m/Users/alekseigor/Developer/web/labsweb/app/views/main.scala.html:17:69: value at is not a member of controllers.ReverseAssets[0m
[0m[[0m[31merror[0m] [0m[0mdid you mean wait?[0m
[0m[[0m[31merror[0m] [0m[0m        <link rel="stylesheet" type="text/css" href="@routes.Assets.at("stylesheets/menubar.css")">[0m
[0m[[0m[31merror[0m] [0m[0m                                                                    ^[0m
[0m[[0m[31merror[0m] [0m[0mone error found[0m
[0m[[0m[31merror[0m] [0m[0m(Compile / [31mcompileIncremental[0m) Compilation failed[0m
[0m[[0m[0mdebug[0m] [0m[0mRunning task... Cancel: Signal, check cycles: false, forcegc: true[0m
[0m[[0m[0mdebug[0m] [0m[0mRunning task... Cancel: Signal, check cycles: false, forcegc: true[0m
[0m[[0m[0mdebug[0m] [0m[0mRunning task... Cancel: Signal, check cycles: false, forcegc: true[0m
[0m[[0m[0minfo[0m] [0m[0mcompiling 1 Scala source to /Users/alekseigor/Developer/web/labsweb/target/scala-2.13/classes ...[0m
[0m[[0m[31merror[0m] [0m[0m/Users/alekseigor/Developer/web/labsweb/app/views/main.scala.html:17:69: value at is not a member of controllers.ReverseAssets[0m
[0m[[0m[31merror[0m] [0m[0mdid you mean wait?[0m
[0m[[0m[31merror[0m] [0m[0m        <link rel="stylesheet" type="text/css" href="@routes.Assets.at("stylesheets/menubar.css")">[0m
[0m[[0m[31merror[0m] [0m[0m                                                                    ^[0m
[0m[[0m[31merror[0m] [0m[0mone error found[0m
[0m[[0m[31merror[0m] [0m[0m(Compile / [31mcompileIncremental[0m) Compilation failed[0m
[0m[[0m[0mdebug[0m] [0m[0mRunning task... Cancel: Signal, check cycles: false, forcegc: true[0m
[0m[[0m[0mdebug[0m] [0m[0mRunning task... Cancel: Signal, check cycles: false, forcegc: true[0m
[0m[[0m[0mdebug[0m] [0m[0mRunning task... Cancel: Signal, check cycles: false, forcegc: true[0m
[0m[[0m[0minfo[0m] [0m[0mcompiling 1 Scala source to /Users/alekseigor/Developer/web/labsweb/target/scala-2.13/classes ...[0m
[0m[[0m[31merror[0m] [0m[0m/Users/alekseigor/Developer/web/labsweb/app/views/main.scala.html:17:69: value at is not a member of controllers.ReverseAssets[0m
[0m[[0m[31merror[0m] [0m[0mdid you mean wait?[0m
[0m[[0m[31merror[0m] [0m[0m        <link rel="stylesheet" type="text/css" href="@routes.Assets.at("stylesheets/menubar.css")">[0m
[0m[[0m[31merror[0m] [0m[0m                                                                    ^[0m
[0m[[0m[31merror[0m] [0m[0mone error found[0m
[0m[[0m[31merror[0m] [0m[0m(Compile / [31mcompileIncremental[0m) Compilation failed[0m
[0m[[0m[0mdebug[0m] [0m[0mRunning task... Cancel: Signal, check cycles: false, forcegc: true[0m
[0m[[0m[0mdebug[0m] [0m[0mRunning task... Cancel: Signal, check cycles: false, forcegc: true[0m
[0m[[0m[0mdebug[0m] [0m[0mRunning task... Cancel: Signal, check cycles: false, forcegc: true[0m
[0m[[0m[0minfo[0m] [0m[0mcompiling 1 Scala source to /Users/alekseigor/Developer/web/labsweb/target/scala-2.13/classes ...[0m
[0m[[0m[31merror[0m] [0m[0m/Users/alekseigor/Developer/web/labsweb/app/views/main.scala.html:17:69: value at is not a member of controllers.ReverseAssets[0m
[0m[[0m[31merror[0m] [0m[0mdid you mean wait?[0m
[0m[[0m[31merror[0m] [0m[0m        <link rel="stylesheet" type="text/css" href="@routes.Assets.at("stylesheets/menubar.css")">[0m
[0m[[0m[31merror[0m] [0m[0m                                                                    ^[0m
[0m[[0m[31merror[0m] [0m[0mone error found[0m
[0m[[0m[31merror[0m] [0m[0m(Compile / [31mcompileIncremental[0m) Compilation failed[0m
[0m[[0m[0mdebug[0m] [0m[0mRunning task... Cancel: Signal, check cycles: false, forcegc: true[0m
[0m[[0m[0mdebug[0m] [0m[0mRunning task... Cancel: Signal, check cycles: false, forcegc: true[0m
[0m[[0m[0mdebug[0m] [0m[0mRunning task... Cancel: Signal, check cycles: false, forcegc: true[0m
[0m[[0m[0minfo[0m] [0m[0mcompiling 1 Scala source to /Users/alekseigor/Developer/web/labsweb/target/scala-2.13/classes ...[0m
[0m[[0m[31merror[0m] [0m[0m/Users/alekseigor/Developer/web/labsweb/app/views/main.scala.html:17:69: value at is not a member of controllers.ReverseAssets[0m
[0m[[0m[31merror[0m] [0m[0mdid you mean wait?[0m
[0m[[0m[31merror[0m] [0m[0m        <link rel="stylesheet" type="text/css" href="@routes.Assets.at("stylesheets/menubar.css")">[0m
[0m[[0m[31merror[0m] [0m[0m                                                                    ^[0m
[0m[[0m[31merror[0m] [0m[0mone error found[0m
[0m[[0m[31merror[0m] [0m[0m(Compile / [31mcompileIncremental[0m) Compilation failed[0m
[0m[[0m[0mdebug[0m] [0m[0mRunning task... Cancel: Signal, check cycles: false, forcegc: true[0m
[0m[[0m[0mdebug[0m] [0m[0mRunning task... Cancel: Signal, check cycles: false, forcegc: true[0m
[0m[[0m[0mdebug[0m] [0m[0mRunning task... Cancel: Signal, check cycles: false, forcegc: true[0m
[0m[[0m[0minfo[0m] [0m[0mcompiling 1 Scala source to /Users/alekseigor/Developer/web/labsweb/target/scala-2.13/classes ...[0m
[0m[[0m[31merror[0m] [0m[0m/Users/alekseigor/Developer/web/labsweb/app/views/main.scala.html:17:69: value at is not a member of controllers.ReverseAssets[0m
[0m[[0m[31merror[0m] [0m[0mdid you mean wait?[0m
[0m[[0m[31merror[0m] [0m[0m        <link rel="stylesheet" type="text/css" href="@routes.Assets.at("stylesheets/menubar.css")">[0m
[0m[[0m[31merror[0m] [0m[0m                                                                    ^[0m
[0m[[0m[31merror[0m] [0m[0mone error found[0m
[0m[[0m[31merror[0m] [0m[0m(Compile / [31mcompileIncremental[0m) Compilation failed[0m
[0m[[0m[0mdebug[0m] [0m[0mRunning task... Cancel: Signal, check cycles: false, forcegc: true[0m
[0m[[0m[0mdebug[0m] [0m[0mRunning task... Cancel: Signal, check cycles: false, forcegc: true[0m
[0m[[0m[0mdebug[0m] [0m[0mRunning task... Cancel: Signal, check cycles: false, forcegc: true[0m
[0m[[0m[0minfo[0m] [0m[0mcompiling 1 Scala source to /Users/alekseigor/Developer/web/labsweb/target/scala-2.13/classes ...[0m
[0m[[0m[31merror[0m] [0m[0m/Users/alekseigor/Developer/web/labsweb/app/views/main.scala.html:17:69: value at is not a member of controllers.ReverseAssets[0m
[0m[[0m[31merror[0m] [0m[0mdid you mean wait?[0m
[0m[[0m[31merror[0m] [0m[0m        <link rel="stylesheet" type="text/css" href="@routes.Assets.at("stylesheets/menubar.css")">[0m
[0m[[0m[31merror[0m] [0m[0m                                                                    ^[0m
[0m[[0m[31merror[0m] [0m[0mone error found[0m
[0m[[0m[31merror[0m] [0m[0m(Compile / [31mcompileIncremental[0m) Compilation failed[0m
[0m[[0m[0mdebug[0m] [0m[0mRunning task... Cancel: Signal, check cycles: false, forcegc: true[0m
[0m[[0m[0mdebug[0m] [0m[0mRunning task... Cancel: Signal, check cycles: false, forcegc: true[0m
[0m[[0m[0mdebug[0m] [0m[0mRunning task... Cancel: Signal, check cycles: false, forcegc: true[0m
[0m[[0m[0minfo[0m] [0m[0mcompiling 1 Scala source to /Users/alekseigor/Developer/web/labsweb/target/scala-2.13/classes ...[0m
[0m[[0m[31merror[0m] [0m[0m/Users/alekseigor/Developer/web/labsweb/app/views/main.scala.html:17:69: value at is not a member of controllers.ReverseAssets[0m
[0m[[0m[31merror[0m] [0m[0mdid you mean wait?[0m
[0m[[0m[31merror[0m] [0m[0m        <link rel="stylesheet" type="text/css" href="@routes.Assets.at("stylesheets/menubar.css")">[0m
[0m[[0m[31merror[0m] [0m[0m                                                                    ^[0m
[0m[[0m[31merror[0m] [0m[0mone error found[0m
[0m[[0m[31merror[0m] [0m[0m(Compile / [31mcompileIncremental[0m) Compilation failed[0m
[0m[[0m[0mdebug[0m] [0m[0mRunning task... Cancel: Signal, check cycles: false, forcegc: true[0m
[0m[[0m[0mdebug[0m] [0m[0mRunning task... Cancel: Signal, check cycles: false, forcegc: true[0m
[0m[[0m[0mdebug[0m] [0m[0mRunning task... Cancel: Signal, check cycles: false, forcegc: true[0m
[0m[[0m[0minfo[0m] [0m[0mcompiling 1 Scala source to /Users/alekseigor/Developer/web/labsweb/target/scala-2.13/classes ...[0m
[0m[[0m[31merror[0m] [0m[0m/Users/alekseigor/Developer/web/labsweb/app/views/main.scala.html:17:69: value at is not a member of controllers.ReverseAssets[0m
[0m[[0m[31merror[0m] [0m[0mdid you mean wait?[0m
[0m[[0m[31merror[0m] [0m[0m        <link rel="stylesheet" type="text/css" href="@routes.Assets.at("stylesheets/menubar.css")">[0m
[0m[[0m[31merror[0m] [0m[0m                                                                    ^[0m
[0m[[0m[31merror[0m] [0m[0mone error found[0m
[0m[[0m[31merror[0m] [0m[0m(Compile / [31mcompileIncremental[0m) Compilation failed[0m
[0m[[0m[0mdebug[0m] [0m[0mRunning task... Cancel: Signal, check cycles: false, forcegc: true[0m
[0m[[0m[0mdebug[0m] [0m[0mRunning task... Cancel: Signal, check cycles: false, forcegc: true[0m
[0m[[0m[0mdebug[0m] [0m[0mRunning task... Cancel: Signal, check cycles: false, forcegc: true[0m
[0m[[0m[0minfo[0m] [0m[0mcompiling 1 Scala source to /Users/alekseigor/Developer/web/labsweb/target/scala-2.13/classes ...[0m
[0m[[0m[31merror[0m] [0m[0m/Users/alekseigor/Developer/web/labsweb/app/views/main.scala.html:17:69: value at is not a member of controllers.ReverseAssets[0m
[0m[[0m[31merror[0m] [0m[0mdid you mean wait?[0m
[0m[[0m[31merror[0m] [0m[0m        <link rel="stylesheet" type="text/css" href="@routes.Assets.at("stylesheets/menubar.css")">[0m
[0m[[0m[31merror[0m] [0m[0m                                                                    ^[0m
[0m[[0m[31merror[0m] [0m[0mone error found[0m
[0m[[0m[31merror[0m] [0m[0m(Compile / [31mcompileIncremental[0m) Compilation failed[0m
[0m[[0m[0mdebug[0m] [0m[0mRunning task... Cancel: Signal, check cycles: false, forcegc: true[0m
[0m[[0m[0mdebug[0m] [0m[0mRunning task... Cancel: Signal, check cycles: false, forcegc: true[0m
[0m[[0m[0mdebug[0m] [0m[0mRunning task... Cancel: Signal, check cycles: false, forcegc: true[0m
[0m[[0m[0minfo[0m] [0m[0mcompiling 1 Scala source to /Users/alekseigor/Developer/web/labsweb/target/scala-2.13/classes ...[0m
[0m[[0m[31merror[0m] [0m[0m/Users/alekseigor/Developer/web/labsweb/app/views/main.scala.html:17:69: value at is not a member of controllers.ReverseAssets[0m
[0m[[0m[31merror[0m] [0m[0mdid you mean wait?[0m
[0m[[0m[31merror[0m] [0m[0m        <link rel="stylesheet" type="text/css" href="@routes.Assets.at("stylesheets/menubar.css")">[0m
[0m[[0m[31merror[0m] [0m[0m                                                                    ^[0m
[0m[[0m[31merror[0m] [0m[0mone error found[0m
[0m[[0m[31merror[0m] [0m[0m(Compile / [31mcompileIncremental[0m) Compilation failed[0m
[0m[[0m[0mdebug[0m] [0m[0mRunning task... Cancel: Signal, check cycles: false, forcegc: true[0m
[0m[[0m[0mdebug[0m] [0m[0mRunning task... Cancel: Signal, check cycles: false, forcegc: true[0m
[0m[[0m[0mdebug[0m] [0m[0mRunning task... Cancel: Signal, check cycles: false, forcegc: true[0m
[0m[[0m[0minfo[0m] [0m[0mcompiling 1 Scala source to /Users/alekseigor/Developer/web/labsweb/target/scala-2.13/classes ...[0m
[0m[[0m[31merror[0m] [0m[0m/Users/alekseigor/Developer/web/labsweb/app/views/main.scala.html:17:69: value at is not a member of controllers.ReverseAssets[0m
[0m[[0m[31merror[0m] [0m[0mdid you mean wait?[0m
[0m[[0m[31merror[0m] [0m[0m        <link rel="stylesheet" type="text/css" href="@routes.Assets.at("stylesheets/menubar.css")">[0m
[0m[[0m[31merror[0m] [0m[0m                                                                    ^[0m
[0m[[0m[31merror[0m] [0m[0mone error found[0m
[0m[[0m[31merror[0m] [0m[0m(Compile / [31mcompileIncremental[0m) Compilation failed[0m
[0m[[0m[0mdebug[0m] [0m[0mRunning task... Cancel: Signal, check cycles: false, forcegc: true[0m
[0m[[0m[0mdebug[0m] [0m[0mRunning task... Cancel: Signal, check cycles: false, forcegc: true[0m
[0m[[0m[0mdebug[0m] [0m[0mRunning task... Cancel: Signal, check cycles: false, forcegc: true[0m
[0m[[0m[0minfo[0m] [0m[0mcompiling 4 Scala sources to /Users/alekseigor/Developer/web/labsweb/target/scala-2.13/classes ...[0m
[0m[[0m[31merror[0m] [0m[0m/Users/alekseigor/Developer/web/labsweb/app/views/main.scala.html:25:35: value versioned is not a member of controllers.ReverseAssets[0m
[0m[[0m[31merror[0m] [0m[0m      <script src="@routes.Assets.versioned("javascripts/main.js")" type="text/javascript"></script>[0m
[0m[[0m[31merror[0m] [0m[0m                                  ^[0m
[0m[[0m[31merror[0m] [0m[0mone error found[0m
[0m[[0m[31merror[0m] [0m[0m(Compile / [31mcompileIncremental[0m) Compilation failed[0m
[0m[[0m[0mdebug[0m] [0m[0mRunning task... Cancel: Signal, check cycles: false, forcegc: true[0m
[0m[[0m[0mdebug[0m] [0m[0mRunning task... Cancel: Signal, check cycles: false, forcegc: true[0m
[0m[[0m[0mdebug[0m] [0m[0mRunning task... Cancel: Signal, check cycles: false, forcegc: true[0m
[0m[[0m[0minfo[0m] [0m[0mcompiling 4 Scala sources to /Users/alekseigor/Developer/web/labsweb/target/scala-2.13/classes ...[0m
[0m[[0m[0minfo[0m] [0m[0mcompiling 1 Scala source and 1 Java source to /Users/alekseigor/Developer/web/labsweb/target/scala-2.13/classes ...[0m
[0m[[0m[0mdebug[0m] [0m[0mRunning task... Cancel: Signal, check cycles: false, forcegc: true[0m
[0m[[0m[0mdebug[0m] [0m[0mExporting web-assets:labsweb[0m
[0m[[0m[0mdebug[0m] [0m[0mRunning task... Cancel: Signal, check cycles: false, forcegc: true[0m
[0m[[0m[0mdebug[0m] [0m[0mRunning task... Cancel: Signal, check cycles: false, forcegc: true[0m
[0m[[0m[0minfo[0m] [0m[0mcompiling 4 Scala sources to /Users/alekseigor/Developer/web/labsweb/target/scala-2.13/classes ...[0m
[0m[[0m[0minfo[0m] [0m[0mcompiling 1 Scala source and 1 Java source to /Users/alekseigor/Developer/web/labsweb/target/scala-2.13/classes ...[0m
[0m[[0m[0mdebug[0m] [0m[0mRunning task... Cancel: Signal, check cycles: false, forcegc: true[0m
[0m[[0m[0mdebug[0m] [0m[0mExporting web-assets:labsweb[0m
[0m[[0m[0mdebug[0m] [0m[0mRunning task... Cancel: Signal, check cycles: false, forcegc: true[0m
[0m[[0m[0mdebug[0m] [0m[0mRunning task... Cancel: Signal, check cycles: false, forcegc: true[0m
[0m[[0m[0minfo[0m] [0m[0mcompiling 1 Scala source to /Users/alekseigor/Developer/web/labsweb/target/scala-2.13/classes ...[0m
[0m[[0m[0mdebug[0m] [0m[0mRunning task... Cancel: Signal, check cycles: false, forcegc: true[0m
[0m[[0m[0mdebug[0m] [0m[0mExporting web-assets:labsweb[0m
[0m[[0m[0mdebug[0m] [0m[0mRunning task... Cancel: Signal, check cycles: false, forcegc: true[0m
[0m[[0m[0mdebug[0m] [0m[0mRunning task... Cancel: Signal, check cycles: false, forcegc: true[0m
[0m[[0m[0minfo[0m] [0m[0mcompiling 1 Scala source to /Users/alekseigor/Developer/web/labsweb/target/scala-2.13/classes ...[0m
[0m[[0m[0mdebug[0m] [0m[0mRunning task... Cancel: Signal, check cycles: false, forcegc: true[0m
[0m[[0m[0mdebug[0m] [0m[0mExporting web-assets:labsweb[0m
[0m[[0m[0mdebug[0m] [0m[0mRunning task... Cancel: Signal, check cycles: false, forcegc: true[0m
[0m[[0m[0mdebug[0m] [0m[0mRunning task... Cancel: Signal, check cycles: false, forcegc: true[0m
[0m[[0m[0minfo[0m] [0m[0mcompiling 1 Scala source to /Users/alekseigor/Developer/web/labsweb/target/scala-2.13/classes ...[0m
[0m[[0m[0mdebug[0m] [0m[0mRunning task... Cancel: Signal, check cycles: false, forcegc: true[0m
[0m[[0m[0mdebug[0m] [0m[0mExporting web-assets:labsweb[0m
[0m[[0m[0mdebug[0m] [0m[0mRunning task... Cancel: Signal, check cycles: false, forcegc: true[0m
[0m[[0m[0mdebug[0m] [0m[0mRunning task... Cancel: Signal, check cycles: false, forcegc: true[0m
[0m[[0m[0minfo[0m] [0m[0mcompiling 2 Scala sources to /Users/alekseigor/Developer/web/labsweb/target/scala-2.13/classes ...[0m
[0m[[0m[0minfo[0m] [0m[0mcompiling 1 Scala source to /Users/alekseigor/Developer/web/labsweb/target/scala-2.13/classes ...[0m
[0m[[0m[31merror[0m] [0m[0m/Users/alekseigor/Developer/web/labsweb/app/controllers/HomeController.scala:22:24: not enough arguments for method apply: (message: String): play.twirl.api.HtmlFormat.Appendable in object index.[0m
[0m[[0m[31merror[0m] [0m[0mUnspecified value parameter message.[0m
[0m[[0m[31merror[0m] [0m[0m    Ok(views.html.index())[0m
[0m[[0m[31merror[0m] [0m[0m                       ^[0m
[0m[[0m[31merror[0m] [0m[0mone error found[0m
[0m[[0m[31merror[0m] [0m[0m(Compile / [31mcompileIncremental[0m) Compilation failed[0m
[0m[[0m[0mdebug[0m] [0m[0mRunning task... Cancel: Signal, check cycles: false, forcegc: true[0m
[0m[[0m[0mdebug[0m] [0m[0mRunning task... Cancel: Signal, check cycles: false, forcegc: true[0m
[0m[[0m[0mdebug[0m] [0m[0mRunning task... Cancel: Signal, check cycles: false, forcegc: true[0m
[0m[[0m[0minfo[0m] [0m[0mcompiling 3 Scala sources to /Users/alekseigor/Developer/web/labsweb/target/scala-2.13/classes ...[0m
[0m[[0m[0mdebug[0m] [0m[0mRunning task... Cancel: Signal, check cycles: false, forcegc: true[0m
[0m[[0m[0mdebug[0m] [0m[0mExporting web-assets:labsweb[0m
[0m[[0m[0mdebug[0m] [0m[0mRunning task... Cancel: Signal, check cycles: false, forcegc: true[0m
[0m[[0m[0mdebug[0m] [0m[0mRunning task... Cancel: Signal, check cycles: false, forcegc: true[0m
[0m[[0m[0minfo[0m] [0m[0mcompiling 1 Scala source to /Users/alekseigor/Developer/web/labsweb/target/scala-2.13/classes ...[0m
[0m[[0m[0mdebug[0m] [0m[0mRunning task... Cancel: Signal, check cycles: false, forcegc: true[0m
[0m[[0m[0mdebug[0m] [0m[0mExporting web-assets:labsweb[0m
[0m[[0m[0mdebug[0m] [0m[0mRunning task... Cancel: Signal, check cycles: false, forcegc: true[0m
[0m[[0m[0mdebug[0m] [0m[0mRunning task... Cancel: Signal, check cycles: false, forcegc: true[0m
[0m[[0m[0minfo[0m] [0m[0mcompiling 1 Scala source to /Users/alekseigor/Developer/web/labsweb/target/scala-2.13/classes ...[0m
[0m[[0m[0mdebug[0m] [0m[0mRunning task... Cancel: Signal, check cycles: false, forcegc: true[0m
[0m[[0m[0mdebug[0m] [0m[0mExporting web-assets:labsweb[0m
[0m[[0m[0mdebug[0m] [0m[0mRunning task... Cancel: Signal, check cycles: false, forcegc: true[0m
[0m[[0m[0mdebug[0m] [0m[0mRunning task... Cancel: Signal, check cycles: false, forcegc: true[0m
[0m[[0m[0minfo[0m] [0m[0mcompiling 1 Scala source to /Users/alekseigor/Developer/web/labsweb/target/scala-2.13/classes ...[0m
[0m[[0m[0mdebug[0m] [0m[0mRunning task... Cancel: Signal, check cycles: false, forcegc: true[0m
[0m[[0m[0mdebug[0m] [0m[0mExporting web-assets:labsweb[0m
[0m[[0m[0mdebug[0m] [0m[0mRunning task... Cancel: Signal, check cycles: false, forcegc: true[0m
[0m[[0m[0mdebug[0m] [0m[0mRunning task... Cancel: Signal, check cycles: false, forcegc: true[0m
[0m[[0m[0minfo[0m] [0m[0mcompiling 1 Scala source to /Users/alekseigor/Developer/web/labsweb/target/scala-2.13/classes ...[0m
[0m[[0m[0mdebug[0m] [0m[0mRunning task... Cancel: Signal, check cycles: false, forcegc: true[0m
[0m[[0m[0mdebug[0m] [0m[0mExporting web-assets:labsweb[0m
[0m[[0m[0mdebug[0m] [0m[0mRunning task... Cancel: Signal, check cycles: false, forcegc: true[0m
[0m[[0m[0mdebug[0m] [0m[0mRunning task... Cancel: Signal, check cycles: false, forcegc: true[0m
[0m[[0m[0minfo[0m] [0m[0mcompiling 1 Scala source to /Users/alekseigor/Developer/web/labsweb/target/scala-2.13/classes ...[0m
[0m[[0m[0mdebug[0m] [0m[0mRunning task... Cancel: Signal, check cycles: false, forcegc: true[0m
[0m[[0m[0mdebug[0m] [0m[0mExporting web-assets:labsweb[0m
[0m[[0m[0mdebug[0m] [0m[0mRunning task... Cancel: Signal, check cycles: false, forcegc: true[0m
[0m[[0m[0mdebug[0m] [0m[0mRunning task... Cancel: Signal, check cycles: false, forcegc: true[0m
[0m[[0m[0minfo[0m] [0m[0mcompiling 1 Scala source to /Users/alekseigor/Developer/web/labsweb/target/scala-2.13/classes ...[0m
[0m[[0m[0mdebug[0m] [0m[0mForcing garbage collection...[0m
[0m[[0m[0mdebug[0m] [0m[0mRunning task... Cancel: Signal, check cycles: false, forcegc: true[0m
[0m[[0m[0mdebug[0m] [0m[0mExporting web-assets:labsweb[0m
[0m[[0m[0mdebug[0m] [0m[0mRunning task... Cancel: Signal, check cycles: false, forcegc: true[0m
[0m[[0m[0mdebug[0m] [0m[0mRunning task... Cancel: Signal, check cycles: false, forcegc: true[0m
[0m[[0m[0minfo[0m] [0m[0mcompiling 1 Scala source to /Users/alekseigor/Developer/web/labsweb/target/scala-2.13/classes ...[0m
[0m[[0m[0mdebug[0m] [0m[0mRunning task... Cancel: Signal, check cycles: false, forcegc: true[0m
[0m[[0m[0mdebug[0m] [0m[0mExporting web-assets:labsweb[0m
[0m[[0m[0mdebug[0m] [0m[0mRunning task... Cancel: Signal, check cycles: false, forcegc: true[0m
